---------------------------------------------------------------
[ 2021-07-13T22:34:41+08:00 ] 59.41.160.134 GET xunpang.hu29.com/favicon.ico
[运行时间：0.066806s] [吞吐率：14.97req/s] [内存消耗：2,035.52kb] [文件加载：116]
[ info ] [ BEHAVIOR ] Run Closure @app_init [ RunTime:0.000020s ]
[ info ] [ CACHE ] INIT File
[ info ] [ BEHAVIOR ] Run Closure @app_init [ RunTime:0.003138s ]
[ info ] [ LANG ] /www/wwwroot/xunpang/thinkphp/lang/zh-cn.php
[ info ] [ BEHAVIOR ] Run app\common\behavior\Common @app_dispatch [ RunTime:0.001033s ]
[ info ] [ ROUTE ] array (
  'type' => 'module',
  'module' => 
  array (
    0 => 'favicon.ico',
    1 => NULL,
    2 => NULL,
  ),
)
[ info ] [ HEADER ] array (
  'cookie' => 'Hm_lvt_bc2cf873176f94d4f951e7ede30e0213=1618976683; Hm_lpvt_bc2cf873176f94d4f951e7ede30e0213=1618985874; Hm_lvt_8fa1cdff01680759a2c826d06749dd8a=1624950209; Hm_lpvt_8fa1cdff01680759a2c826d06749dd8a=1624950209',
  'accept-language' => 'zh-CN,zh;q=0.9',
  'accept-encoding' => 'gzip, deflate',
  'user-agent' => 'Mozilla/5.0 (Windows NT 10.0; WOW64) AppleWebKit/537.36 (KHTML, like Gecko) Chrome/69.0.3497.100 Safari/537.36',
  'connection' => 'keep-alive',
  'host' => 'xunpang.hu29.com',
  'content-type' => '',
  'content-length' => '',
)
[ info ] [ PARAM ] array (
)
[ info ] [ LOG ] INIT File
---------------------------------------------------------------
[ 2021-07-13T22:34:45+08:00 ] 59.41.160.134 GET xunpang.hu29.com/douyin/index
[运行时间：0.016076s] [吞吐率：62.20req/s] [内存消耗：2,037.49kb] [文件加载：116]
[ info ] [ BEHAVIOR ] Run Closure @app_init [ RunTime:0.000018s ]
[ info ] [ CACHE ] INIT File
[ info ] [ BEHAVIOR ] Run Closure @app_init [ RunTime:0.000645s ]
[ info ] [ LANG ] /www/wwwroot/xunpang/thinkphp/lang/zh-cn.php
[ info ] [ BEHAVIOR ] Run app\common\behavior\Common @app_dispatch [ RunTime:0.000146s ]
[ info ] [ ROUTE ] array (
  'type' => 'module',
  'module' => 
  array (
    0 => 'douyin',
    1 => 'index',
    2 => NULL,
  ),
)
[ info ] [ HEADER ] array (
  'cookie' => 'Hm_lvt_bc2cf873176f94d4f951e7ede30e0213=1618976683; Hm_lpvt_bc2cf873176f94d4f951e7ede30e0213=1618985874; Hm_lvt_8fa1cdff01680759a2c826d06749dd8a=1624950209; Hm_lpvt_8fa1cdff01680759a2c826d06749dd8a=1624950209',
  'accept-language' => 'zh-CN,zh;q=0.9',
  'accept-encoding' => 'gzip, deflate',
  'accept' => 'text/html,application/xhtml+xml,application/xml;q=0.9,image/webp,image/apng,*/*;q=0.8',
  'user-agent' => 'Mozilla/5.0 (Windows NT 10.0; WOW64) AppleWebKit/537.36 (KHTML, like Gecko) Chrome/69.0.3497.100 Safari/537.36',
  'upgrade-insecure-requests' => '1',
  'connection' => 'keep-alive',
  'host' => 'xunpang.hu29.com',
  'content-type' => '',
  'content-length' => '',
)
[ info ] [ PARAM ] array (
)
[ info ] [ LOG ] INIT File
---------------------------------------------------------------
[ 2021-07-13T22:34:50+08:00 ] 59.41.160.134 GET xunpang.hu29.com/index/douyin/index
[运行时间：0.523144s] [吞吐率：1.91req/s] [内存消耗：2,885.62kb] [文件加载：127]
[ info ] [ BEHAVIOR ] Run Closure @app_init [ RunTime:0.000020s ]
[ info ] [ CACHE ] INIT File
[ info ] [ BEHAVIOR ] Run Closure @app_init [ RunTime:0.000628s ]
[ info ] [ LANG ] /www/wwwroot/xunpang/thinkphp/lang/zh-cn.php
[ info ] [ BEHAVIOR ] Run app\common\behavior\Common @app_dispatch [ RunTime:0.000158s ]
[ info ] [ ROUTE ] array (
  'type' => 'module',
  'module' => 
  array (
    0 => 'index',
    1 => 'douyin',
    2 => 'index',
  ),
)
[ info ] [ HEADER ] array (
  'cookie' => 'Hm_lvt_bc2cf873176f94d4f951e7ede30e0213=1618976683; Hm_lpvt_bc2cf873176f94d4f951e7ede30e0213=1618985874; Hm_lvt_8fa1cdff01680759a2c826d06749dd8a=1624950209; Hm_lpvt_8fa1cdff01680759a2c826d06749dd8a=1624950209',
  'accept-language' => 'zh-CN,zh;q=0.9',
  'accept-encoding' => 'gzip, deflate',
  'accept' => 'text/html,application/xhtml+xml,application/xml;q=0.9,image/webp,image/apng,*/*;q=0.8',
  'user-agent' => 'Mozilla/5.0 (Windows NT 10.0; WOW64) AppleWebKit/537.36 (KHTML, like Gecko) Chrome/69.0.3497.100 Safari/537.36',
  'upgrade-insecure-requests' => '1',
  'connection' => 'keep-alive',
  'host' => 'xunpang.hu29.com',
  'content-type' => '',
  'content-length' => '',
)
[ info ] [ PARAM ] array (
)
[ info ] [ LANG ] /www/wwwroot/xunpang/public/../application/index/lang/zh-cn.php
[ info ] [ BEHAVIOR ] Run app\common\behavior\Common @module_init [ RunTime:0.001767s ]
[ info ] [ RUN ] app\index\controller\Douyin->index[ /www/wwwroot/xunpang/application/index/controller/Douyin.php ]
[ info ] [ LOG ] INIT File
---------------------------------------------------------------
[ 2021-07-13T22:34:50+08:00 ] 59.41.160.134 GET xunpang.hu29.com/aweme/v1/web/user/profile/self/?device_platform=webapp&aid=6383&channel=channel_pc_web&publish_video_strategy_type=2&source=channel_pc_web&version_code=160100&version_name=16.1.0&cookie_enabled=true&screen_width=1920&screen_height=1080&browser_language=zh-CN&browser_platform=Win32&browser_name=Mozilla&browser_version=5.0+(Windows+NT+10.0%3B+WOW64)+AppleWebKit%2F537.36+(KHTML,+like+Gecko)+Chrome%2F69.0.3497.100+Safari%2F537.36&browser_online=true&_signature=_02B4Z6wo00d01P1LH.gAAIDDNffW5JBIvUz9SxtAAF.Fc7
[运行时间：0.015630s] [吞吐率：63.98req/s] [内存消耗：2,042.27kb] [文件加载：116]
[ info ] [ BEHAVIOR ] Run Closure @app_init [ RunTime:0.000016s ]
[ info ] [ CACHE ] INIT File
[ info ] [ BEHAVIOR ] Run Closure @app_init [ RunTime:0.000638s ]
[ info ] [ LANG ] /www/wwwroot/xunpang/thinkphp/lang/zh-cn.php
[ info ] [ BEHAVIOR ] Run app\common\behavior\Common @app_dispatch [ RunTime:0.000148s ]
[ info ] [ ROUTE ] array (
  'type' => 'module',
  'module' => 
  array (
    0 => 'aweme',
    1 => 'v1',
    2 => 'web',
  ),
)
[ info ] [ HEADER ] array (
  'cookie' => 'Hm_lvt_bc2cf873176f94d4f951e7ede30e0213=1618976683; Hm_lpvt_bc2cf873176f94d4f951e7ede30e0213=1618985874; Hm_lvt_8fa1cdff01680759a2c826d06749dd8a=1624950209; Hm_lpvt_8fa1cdff01680759a2c826d06749dd8a=1624950209',
  'accept-language' => 'zh-CN,zh;q=0.9',
  'accept-encoding' => 'gzip, deflate',
  'referer' => 'http://xunpang.hu29.com/index/douyin/index',
  'user-agent' => 'Mozilla/5.0 (Windows NT 10.0; WOW64) AppleWebKit/537.36 (KHTML, like Gecko) Chrome/69.0.3497.100 Safari/537.36',
  'withcredentials' => 'true',
  'accept' => 'application/json, text/plain, */*',
  'connection' => 'keep-alive',
  'host' => 'xunpang.hu29.com',
  'content-type' => '',
  'content-length' => '',
)
[ info ] [ PARAM ] array (
  'device_platform' => 'webapp',
  'aid' => '6383',
  'channel' => 'channel_pc_web',
  'publish_video_strategy_type' => '2',
  'source' => 'channel_pc_web',
  'version_code' => '160100',
  'version_name' => '16.1.0',
  'cookie_enabled' => 'true',
  'screen_width' => '1920',
  'screen_height' => '1080',
  'browser_language' => 'zh-CN',
  'browser_platform' => 'Win32',
  'browser_name' => 'Mozilla',
  'browser_version' => '5.0 (Windows NT 10.0; WOW64) AppleWebKit/537.36 (KHTML, like Gecko) Chrome/69.0.3497.100 Safari/537.36',
  'browser_online' => 'true',
  '_signature' => '_02B4Z6wo00d01P1LH.gAAIDDNffW5JBIvUz9SxtAAF.Fc7',
  'user' => 'profile',
)
[ info ] [ LOG ] INIT File
---------------------------------------------------------------
[ 2021-07-13T22:36:17+08:00 ] 42.236.10.117 GET xunpang.hu29.com/
[运行时间：0.023454s] [吞吐率：42.64req/s] [内存消耗：2,927.98kb] [文件加载：130]
[ info ] [ BEHAVIOR ] Run Closure @app_init [ RunTime:0.000015s ]
[ info ] [ CACHE ] INIT File
[ info ] [ BEHAVIOR ] Run Closure @app_init [ RunTime:0.000630s ]
[ info ] [ LANG ] /www/wwwroot/xunpang/thinkphp/lang/zh-cn.php
[ info ] [ BEHAVIOR ] Run app\common\behavior\Common @app_dispatch [ RunTime:0.000147s ]
[ info ] [ ROUTE ] array (
  'type' => 'module',
  'module' => 
  array (
    0 => '',
    1 => NULL,
    2 => NULL,
  ),
)
[ info ] [ HEADER ] array (
  'accept-encoding' => 'gzip, deflate',
  'referer' => 'http://baidu.com/',
  'accept' => 'text/html,application/xhtml+xml,application/xml;q=0.9,image/webp,image/apng,*/*;q=0.8',
  'user-agent' => 'Mozilla/5.0 (Linux; U; Android 8.1.0; zh-CN; EML-AL00 Build/HUAWEIEML-AL00) AppleWebKit/537.36 (KHTML, like Gecko) Version/4.0 Chrome/57.0.2987.108 baidu.sogo.uc.UCBrowser/11.9.4.974 UWS/2.13.1.48 Mobile Safari/537.36 AliApp(DingTalk/4.5.11) com.alibaba.android.rimet/10487439 Channel/227200 language/zh-CN',
  'upgrade-insecure-requests' => '1',
  'cache-control' => 'no-cache',
  'pragma' => 'no-cache',
  'connection' => 'keep-alive',
  'host' => 'xunpang.hu29.com',
  'content-type' => '',
  'content-length' => '',
)
[ info ] [ PARAM ] array (
)
[ info ] [ LANG ] /www/wwwroot/xunpang/public/../application/index/lang/zh-cn.php
[ info ] [ BEHAVIOR ] Run app\common\behavior\Common @module_init [ RunTime:0.000824s ]
[ info ] [ LANG ] /www/wwwroot/xunpang/public/../application/index/lang/zh-cn/index.php
[ info ] [ RUN ] app\index\controller\Index->index[ /www/wwwroot/xunpang/application/index/controller/Index.php ]
[ info ] [ VIEW ] /www/wwwroot/xunpang/public/../application/index/view/index/index.html [ array (
  0 => 'user',
  1 => 'site',
  2 => 'config',
) ]
[ info ] [ LOG ] INIT File
---------------------------------------------------------------
[ 2021-07-13T22:37:42+08:00 ] 27.115.124.101 GET xunpang.hu29.com/douyin/index
[运行时间：0.016443s] [吞吐率：60.82req/s] [内存消耗：2,035.83kb] [文件加载：116]
[ info ] [ BEHAVIOR ] Run Closure @app_init [ RunTime:0.000015s ]
[ info ] [ CACHE ] INIT File
[ info ] [ BEHAVIOR ] Run Closure @app_init [ RunTime:0.000770s ]
[ info ] [ LANG ] /www/wwwroot/xunpang/thinkphp/lang/zh-cn.php
[ info ] [ BEHAVIOR ] Run app\common\behavior\Common @app_dispatch [ RunTime:0.000194s ]
[ info ] [ ROUTE ] array (
  'type' => 'module',
  'module' => 
  array (
    0 => 'douyin',
    1 => 'index',
    2 => NULL,
  ),
)
[ info ] [ HEADER ] array (
  'accept-encoding' => 'gzip, deflate',
  'accept' => 'text/html,application/xhtml+xml,application/xml;q=0.9,image/webp,image/apng,*/*;q=0.8',
  'upgrade-insecure-requests' => '1',
  'user-agent' => 'Mozilla/5.0 (Linux; U; Android 8.1.0; zh-CN; EML-AL00 Build/HUAWEIEML-AL00) AppleWebKit/537.36 (KHTML, like Gecko) Version/4.0 Chrome/57.0.2987.108 baidu.sogo.uc.UCBrowser/11.9.4.974 UWS/2.13.1.48 Mobile Safari/537.36 AliApp(DingTalk/4.5.11) com.alibaba.android.rimet/10487439 Channel/227200 language/zh-CN',
  'connection' => 'keep-alive',
  'host' => 'xunpang.hu29.com',
  'content-type' => '',
  'content-length' => '',
)
[ info ] [ PARAM ] array (
)
[ info ] [ LOG ] INIT File
---------------------------------------------------------------
[ 2021-07-13T22:37:48+08:00 ] 27.115.124.101 GET xunpang.hu29.com/douyin/index
[运行时间：0.015579s] [吞吐率：64.19req/s] [内存消耗：2,037.87kb] [文件加载：116]
[ info ] [ BEHAVIOR ] Run Closure @app_init [ RunTime:0.000015s ]
[ info ] [ CACHE ] INIT File
[ info ] [ BEHAVIOR ] Run Closure @app_init [ RunTime:0.000642s ]
[ info ] [ LANG ] /www/wwwroot/xunpang/thinkphp/lang/zh-cn.php
[ info ] [ BEHAVIOR ] Run app\common\behavior\Common @app_dispatch [ RunTime:0.000168s ]
[ info ] [ ROUTE ] array (
  'type' => 'module',
  'module' => 
  array (
    0 => 'douyin',
    1 => 'index',
    2 => NULL,
  ),
)
[ info ] [ HEADER ] array (
  'accept-encoding' => 'gzip, deflate',
  'referer' => 'http://baidu.com/',
  'accept' => 'text/html,application/xhtml+xml,application/xml;q=0.9,image/webp,image/apng,*/*;q=0.8',
  'user-agent' => 'Mozilla/5.0 (Linux; U; Android 8.1.0; zh-CN; EML-AL00 Build/HUAWEIEML-AL00) AppleWebKit/537.36 (KHTML, like Gecko) Version/4.0 Chrome/57.0.2987.108 baidu.sogo.uc.UCBrowser/11.9.4.974 UWS/2.13.1.48 Mobile Safari/537.36 AliApp(DingTalk/4.5.11) com.alibaba.android.rimet/10487439 Channel/227200 language/zh-CN',
  'upgrade-insecure-requests' => '1',
  'cache-control' => 'no-cache',
  'pragma' => 'no-cache',
  'connection' => 'keep-alive',
  'host' => 'xunpang.hu29.com',
  'content-type' => '',
  'content-length' => '',
)
[ info ] [ PARAM ] array (
)
[ info ] [ LOG ] INIT File
---------------------------------------------------------------
[ 2021-07-13T22:37:55+08:00 ] 27.115.124.6 GET xunpang.hu29.com/index/douyin/index
[运行时间：0.570266s] [吞吐率：1.75req/s] [内存消耗：2,885.74kb] [文件加载：127]
[ info ] [ BEHAVIOR ] Run Closure @app_init [ RunTime:0.000014s ]
[ info ] [ CACHE ] INIT File
[ info ] [ BEHAVIOR ] Run Closure @app_init [ RunTime:0.000648s ]
[ info ] [ LANG ] /www/wwwroot/xunpang/thinkphp/lang/zh-cn.php
[ info ] [ BEHAVIOR ] Run app\common\behavior\Common @app_dispatch [ RunTime:0.000134s ]
[ info ] [ ROUTE ] array (
  'type' => 'module',
  'module' => 
  array (
    0 => 'index',
    1 => 'douyin',
    2 => 'index',
  ),
)
[ info ] [ HEADER ] array (
  'accept-encoding' => 'gzip, deflate',
  'referer' => 'http://baidu.com/',
  'accept' => 'text/html,application/xhtml+xml,application/xml;q=0.9,image/webp,image/apng,*/*;q=0.8',
  'user-agent' => 'Mozilla/5.0 (Linux; U; Android 8.1.0; zh-CN; EML-AL00 Build/HUAWEIEML-AL00) AppleWebKit/537.36 (KHTML, like Gecko) Version/4.0 Chrome/57.0.2987.108 baidu.sogo.uc.UCBrowser/11.9.4.974 UWS/2.13.1.48 Mobile Safari/537.36 AliApp(DingTalk/4.5.11) com.alibaba.android.rimet/10487439 Channel/227200 language/zh-CN',
  'upgrade-insecure-requests' => '1',
  'cache-control' => 'no-cache',
  'pragma' => 'no-cache',
  'connection' => 'keep-alive',
  'host' => 'xunpang.hu29.com',
  'content-type' => '',
  'content-length' => '',
)
[ info ] [ PARAM ] array (
)
[ info ] [ LANG ] /www/wwwroot/xunpang/public/../application/index/lang/zh-cn.php
[ info ] [ BEHAVIOR ] Run app\common\behavior\Common @module_init [ RunTime:0.000802s ]
[ info ] [ RUN ] app\index\controller\Douyin->index[ /www/wwwroot/xunpang/application/index/controller/Douyin.php ]
[ info ] [ LOG ] INIT File
---------------------------------------------------------------
[ 2021-07-13T22:38:00+08:00 ] 27.115.124.6 GET xunpang.hu29.com/aweme/v1/web/user/profile/self/?device_platform=webapp&aid=6383&channel=channel_pc_web&publish_video_strategy_type=2&source=channel_pc_web&version_code=160100&version_name=16.1.0&cookie_enabled=true&screen_width=800&screen_height=600&browser_language=zh-CN&browser_platform=Win32&browser_name=Mozilla&browser_version=5.0+(Linux%3B+U%3B+Android+8.1.0%3B+zh-CN%3B+EML-AL00+Build%2FHUAWEIEML-AL00)+AppleWebKit%2F537.36+(KHTML,+like+Gecko)+Version%2F4.0+Chrome%2F57.0.2987.108+baidu.sogo.uc.UCBrowser%2F11.9.4.974+UWS%2F2.13.1.48+Mobile+Safari%2F537.36+AliApp(DingTalk%2F4.5.11)+com.alibaba.android.rimet%2F10487439+Channel%2F227200+language%2Fzh-CN&browser_online=true&_signature=_02B4Z6wo00f01Xt3.swAAIDBGtm5RSyb4wF7Z9pAAD402e
[运行时间：0.016461s] [吞吐率：60.75req/s] [内存消耗：2,043.39kb] [文件加载：116]
[ info ] [ BEHAVIOR ] Run Closure @app_init [ RunTime:0.000015s ]
[ info ] [ CACHE ] INIT File
[ info ] [ BEHAVIOR ] Run Closure @app_init [ RunTime:0.000690s ]
[ info ] [ LANG ] /www/wwwroot/xunpang/thinkphp/lang/zh-cn.php
[ info ] [ BEHAVIOR ] Run app\common\behavior\Common @app_dispatch [ RunTime:0.000147s ]
[ info ] [ ROUTE ] array (
  'type' => 'module',
  'module' => 
  array (
    0 => 'aweme',
    1 => 'v1',
    2 => 'web',
  ),
)
[ info ] [ HEADER ] array (
  'cookie' => 'MONITOR_WEB_ID=db7155d3-18be-4ee0-b292-cdee49ca333b',
  'accept-encoding' => 'gzip, deflate',
  'referer' => 'http://xunpang.hu29.com/index/douyin/index',
  'user-agent' => 'Mozilla/5.0 (Linux; U; Android 8.1.0; zh-CN; EML-AL00 Build/HUAWEIEML-AL00) AppleWebKit/537.36 (KHTML, like Gecko) Version/4.0 Chrome/57.0.2987.108 baidu.sogo.uc.UCBrowser/11.9.4.974 UWS/2.13.1.48 Mobile Safari/537.36 AliApp(DingTalk/4.5.11) com.alibaba.android.rimet/10487439 Channel/227200 language/zh-CN',
  'withcredentials' => 'true',
  'accept' => 'application/json, text/plain, */*',
  'cache-control' => 'no-cache',
  'pragma' => 'no-cache',
  'connection' => 'keep-alive',
  'host' => 'xunpang.hu29.com',
  'content-type' => '',
  'content-length' => '',
)
[ info ] [ PARAM ] array (
  'device_platform' => 'webapp',
  'aid' => '6383',
  'channel' => 'channel_pc_web',
  'publish_video_strategy_type' => '2',
  'source' => 'channel_pc_web',
  'version_code' => '160100',
  'version_name' => '16.1.0',
  'cookie_enabled' => 'true',
  'screen_width' => '800',
  'screen_height' => '600',
  'browser_language' => 'zh-CN',
  'browser_platform' => 'Win32',
  'browser_name' => 'Mozilla',
  'browser_version' => '5.0 (Linux; U; Android 8.1.0; zh-CN; EML-AL00 Build/HUAWEIEML-AL00) AppleWebKit/537.36 (KHTML, like Gecko) Version/4.0 Chrome/57.0.2987.108 baidu.sogo.uc.UCBrowser/11.9.4.974 UWS/2.13.1.48 Mobile Safari/537.36 AliApp(DingTalk/4.5.11) com.alibaba.android.rimet/10487439 Channel/227200 language/zh-CN',
  'browser_online' => 'true',
  '_signature' => '_02B4Z6wo00f01Xt3.swAAIDBGtm5RSyb4wF7Z9pAAD402e',
  'user' => 'profile',
)
[ info ] [ LOG ] INIT File
---------------------------------------------------------------
[ 2021-07-13T22:38:01+08:00 ] 27.115.124.6 GET xunpang.hu29.com/douyin/index
[运行时间：0.016909s] [吞吐率：59.14req/s] [内存消耗：2,035.83kb] [文件加载：116]
[ info ] [ BEHAVIOR ] Run Closure @app_init [ RunTime:0.000016s ]
[ info ] [ CACHE ] INIT File
[ info ] [ BEHAVIOR ] Run Closure @app_init [ RunTime:0.000591s ]
[ info ] [ LANG ] /www/wwwroot/xunpang/thinkphp/lang/zh-cn.php
[ info ] [ BEHAVIOR ] Run app\common\behavior\Common @app_dispatch [ RunTime:0.000142s ]
[ info ] [ ROUTE ] array (
  'type' => 'module',
  'module' => 
  array (
    0 => 'douyin',
    1 => 'index',
    2 => NULL,
  ),
)
[ info ] [ HEADER ] array (
  'accept-encoding' => 'gzip, deflate',
  'accept' => 'text/html,application/xhtml+xml,application/xml;q=0.9,image/webp,image/apng,*/*;q=0.8',
  'upgrade-insecure-requests' => '1',
  'user-agent' => 'Mozilla/5.0 (Linux; U; Android 8.1.0; zh-CN; EML-AL00 Build/HUAWEIEML-AL00) AppleWebKit/537.36 (KHTML, like Gecko) Version/4.0 Chrome/57.0.2987.108 baidu.sogo.uc.UCBrowser/11.9.4.974 UWS/2.13.1.48 Mobile Safari/537.36 AliApp(DingTalk/4.5.11) com.alibaba.android.rimet/10487439 Channel/227200 language/zh-CN',
  'connection' => 'keep-alive',
  'host' => 'xunpang.hu29.com',
  'content-type' => '',
  'content-length' => '',
)
[ info ] [ PARAM ] array (
)
[ info ] [ LOG ] INIT File
---------------------------------------------------------------
[ 2021-07-13T22:38:03+08:00 ] 27.115.124.6 GET xunpang.hu29.com/douyin/index
[运行时间：0.015491s] [吞吐率：64.55req/s] [内存消耗：2,037.87kb] [文件加载：116]
[ info ] [ BEHAVIOR ] Run Closure @app_init [ RunTime:0.000015s ]
[ info ] [ CACHE ] INIT File
[ info ] [ BEHAVIOR ] Run Closure @app_init [ RunTime:0.000643s ]
[ info ] [ LANG ] /www/wwwroot/xunpang/thinkphp/lang/zh-cn.php
[ info ] [ BEHAVIOR ] Run app\common\behavior\Common @app_dispatch [ RunTime:0.000151s ]
[ info ] [ ROUTE ] array (
  'type' => 'module',
  'module' => 
  array (
    0 => 'douyin',
    1 => 'index',
    2 => NULL,
  ),
)
[ info ] [ HEADER ] array (
  'accept-encoding' => 'gzip, deflate',
  'referer' => 'http://baidu.com/',
  'accept' => 'text/html,application/xhtml+xml,application/xml;q=0.9,image/webp,image/apng,*/*;q=0.8',
  'user-agent' => 'Mozilla/5.0 (Linux; U; Android 8.1.0; zh-CN; EML-AL00 Build/HUAWEIEML-AL00) AppleWebKit/537.36 (KHTML, like Gecko) Version/4.0 Chrome/57.0.2987.108 baidu.sogo.uc.UCBrowser/11.9.4.974 UWS/2.13.1.48 Mobile Safari/537.36 AliApp(DingTalk/4.5.11) com.alibaba.android.rimet/10487439 Channel/227200 language/zh-CN',
  'upgrade-insecure-requests' => '1',
  'cache-control' => 'no-cache',
  'pragma' => 'no-cache',
  'connection' => 'keep-alive',
  'host' => 'xunpang.hu29.com',
  'content-type' => '',
  'content-length' => '',
)
[ info ] [ PARAM ] array (
)
[ info ] [ LOG ] INIT File
---------------------------------------------------------------
[ 2021-07-13T22:53:34+08:00 ] 59.41.160.134 GET xunpang.hu29.com/index/douyin/index
[运行时间：0.962598s] [吞吐率：1.04req/s] [内存消耗：2,885.88kb] [文件加载：127]
[ info ] [ BEHAVIOR ] Run Closure @app_init [ RunTime:0.000020s ]
[ info ] [ CACHE ] INIT File
[ info ] [ BEHAVIOR ] Run Closure @app_init [ RunTime:0.001431s ]
[ info ] [ LANG ] /www/wwwroot/xunpang/thinkphp/lang/zh-cn.php
[ info ] [ BEHAVIOR ] Run app\common\behavior\Common @app_dispatch [ RunTime:0.000468s ]
[ info ] [ ROUTE ] array (
  'type' => 'module',
  'module' => 
  array (
    0 => 'index',
    1 => 'douyin',
    2 => 'index',
  ),
)
[ info ] [ HEADER ] array (
  'cookie' => 'Hm_lvt_bc2cf873176f94d4f951e7ede30e0213=1618976683; Hm_lpvt_bc2cf873176f94d4f951e7ede30e0213=1618985874; Hm_lvt_8fa1cdff01680759a2c826d06749dd8a=1624950209; Hm_lpvt_8fa1cdff01680759a2c826d06749dd8a=1624950209; MONITOR_WEB_ID=fd49c032-edd0-49a3-a517-652747921dc3; s_v_web_id=verify_kr25osgf_XumANEWX_ssZo_4xrs_AQd7_OsWE3cfbuUhH',
  'accept-language' => 'zh-CN,zh;q=0.9',
  'accept-encoding' => 'gzip, deflate',
  'accept' => 'text/html,application/xhtml+xml,application/xml;q=0.9,image/webp,image/apng,*/*;q=0.8',
  'user-agent' => 'Mozilla/5.0 (Windows NT 10.0; WOW64) AppleWebKit/537.36 (KHTML, like Gecko) Chrome/69.0.3497.100 Safari/537.36',
  'upgrade-insecure-requests' => '1',
  'cache-control' => 'max-age=0',
  'connection' => 'keep-alive',
  'host' => 'xunpang.hu29.com',
  'content-type' => '',
  'content-length' => '',
)
[ info ] [ PARAM ] array (
)
[ info ] [ LANG ] /www/wwwroot/xunpang/public/../application/index/lang/zh-cn.php
[ info ] [ BEHAVIOR ] Run app\common\behavior\Common @module_init [ RunTime:0.001807s ]
[ info ] [ RUN ] app\index\controller\Douyin->index[ /www/wwwroot/xunpang/application/index/controller/Douyin.php ]
[ info ] [ LOG ] INIT File
---------------------------------------------------------------
[ 2021-07-13T22:54:46+08:00 ] 59.41.160.134 GET xunpang.hu29.com/index/douyin/index
[运行时间：0.601591s] [吞吐率：1.66req/s] [内存消耗：2,860.88kb] [文件加载：125]
[ info ] [ BEHAVIOR ] Run Closure @app_init [ RunTime:0.000016s ]
[ info ] [ CACHE ] INIT File
[ info ] [ BEHAVIOR ] Run Closure @app_init [ RunTime:0.000626s ]
[ info ] [ LANG ] /www/wwwroot/xunpang/thinkphp/lang/zh-cn.php
[ info ] [ BEHAVIOR ] Run app\common\behavior\Common @app_dispatch [ RunTime:0.000139s ]
[ info ] [ ROUTE ] array (
  'type' => 'module',
  'module' => 
  array (
    0 => 'index',
    1 => 'douyin',
    2 => 'index',
  ),
)
[ info ] [ HEADER ] array (
  'cookie' => 'Hm_lvt_bc2cf873176f94d4f951e7ede30e0213=1618976683; Hm_lpvt_bc2cf873176f94d4f951e7ede30e0213=1618985874; Hm_lvt_8fa1cdff01680759a2c826d06749dd8a=1624950209; Hm_lpvt_8fa1cdff01680759a2c826d06749dd8a=1624950209; MONITOR_WEB_ID=fd49c032-edd0-49a3-a517-652747921dc3; s_v_web_id=verify_kr25osgf_XumANEWX_ssZo_4xrs_AQd7_OsWE3cfbuUhH',
  'accept-language' => 'zh-CN,zh;q=0.9',
  'accept-encoding' => 'gzip, deflate',
  'accept' => 'text/html,application/xhtml+xml,application/xml;q=0.9,image/webp,image/apng,*/*;q=0.8',
  'user-agent' => 'Mozilla/5.0 (Windows NT 10.0; WOW64) AppleWebKit/537.36 (KHTML, like Gecko) Chrome/69.0.3497.100 Safari/537.36',
  'upgrade-insecure-requests' => '1',
  'cache-control' => 'max-age=0',
  'connection' => 'keep-alive',
  'host' => 'xunpang.hu29.com',
  'content-type' => '',
  'content-length' => '',
)
[ info ] [ PARAM ] array (
)
[ info ] [ LANG ] /www/wwwroot/xunpang/public/../application/index/lang/zh-cn.php
[ info ] [ BEHAVIOR ] Run app\common\behavior\Common @module_init [ RunTime:0.000842s ]
[ info ] [ RUN ] app\index\controller\Douyin->index[ /www/wwwroot/xunpang/application/index/controller/Douyin.php ]
[ info ] [ LOG ] INIT File
---------------------------------------------------------------
[ 2021-07-13T22:54:46+08:00 ] 59.41.160.134 GET xunpang.hu29.com/favicon.ico
[运行时间：0.017972s] [吞吐率：55.64req/s] [内存消耗：2,038.10kb] [文件加载：116]
[ info ] [ BEHAVIOR ] Run Closure @app_init [ RunTime:0.000016s ]
[ info ] [ CACHE ] INIT File
[ info ] [ BEHAVIOR ] Run Closure @app_init [ RunTime:0.000667s ]
[ info ] [ LANG ] /www/wwwroot/xunpang/thinkphp/lang/zh-cn.php
[ info ] [ BEHAVIOR ] Run app\common\behavior\Common @app_dispatch [ RunTime:0.000133s ]
[ info ] [ ROUTE ] array (
  'type' => 'module',
  'module' => 
  array (
    0 => 'favicon.ico',
    1 => NULL,
    2 => NULL,
  ),
)
[ info ] [ HEADER ] array (
  'cookie' => 'Hm_lvt_bc2cf873176f94d4f951e7ede30e0213=1618976683; Hm_lpvt_bc2cf873176f94d4f951e7ede30e0213=1618985874; Hm_lvt_8fa1cdff01680759a2c826d06749dd8a=1624950209; Hm_lpvt_8fa1cdff01680759a2c826d06749dd8a=1624950209; MONITOR_WEB_ID=fd49c032-edd0-49a3-a517-652747921dc3; s_v_web_id=verify_kr25osgf_XumANEWX_ssZo_4xrs_AQd7_OsWE3cfbuUhH',
  'accept-language' => 'zh-CN,zh;q=0.9',
  'accept-encoding' => 'gzip, deflate',
  'referer' => 'http://xunpang.hu29.com/index/douyin/index',
  'accept' => 'image/webp,image/apng,image/*,*/*;q=0.8',
  'user-agent' => 'Mozilla/5.0 (Windows NT 10.0; WOW64) AppleWebKit/537.36 (KHTML, like Gecko) Chrome/69.0.3497.100 Safari/537.36',
  'cache-control' => 'no-cache',
  'pragma' => 'no-cache',
  'connection' => 'keep-alive',
  'host' => 'xunpang.hu29.com',
  'content-type' => '',
  'content-length' => '',
)
[ info ] [ PARAM ] array (
)
[ info ] [ LOG ] INIT File
---------------------------------------------------------------
[ 2021-07-13T22:55:51+08:00 ] 59.41.160.134 GET xunpang.hu29.com/index/douyin/index
[运行时间：0.443213s] [吞吐率：2.26req/s] [内存消耗：2,860.88kb] [文件加载：125]
[ info ] [ BEHAVIOR ] Run Closure @app_init [ RunTime:0.000016s ]
[ info ] [ CACHE ] INIT File
[ info ] [ BEHAVIOR ] Run Closure @app_init [ RunTime:0.000621s ]
[ info ] [ LANG ] /www/wwwroot/xunpang/thinkphp/lang/zh-cn.php
[ info ] [ BEHAVIOR ] Run app\common\behavior\Common @app_dispatch [ RunTime:0.000145s ]
[ info ] [ ROUTE ] array (
  'type' => 'module',
  'module' => 
  array (
    0 => 'index',
    1 => 'douyin',
    2 => 'index',
  ),
)
[ info ] [ HEADER ] array (
  'cookie' => 'Hm_lvt_bc2cf873176f94d4f951e7ede30e0213=1618976683; Hm_lpvt_bc2cf873176f94d4f951e7ede30e0213=1618985874; Hm_lvt_8fa1cdff01680759a2c826d06749dd8a=1624950209; Hm_lpvt_8fa1cdff01680759a2c826d06749dd8a=1624950209; MONITOR_WEB_ID=fd49c032-edd0-49a3-a517-652747921dc3; s_v_web_id=verify_kr25osgf_XumANEWX_ssZo_4xrs_AQd7_OsWE3cfbuUhH',
  'accept-language' => 'zh-CN,zh;q=0.9',
  'accept-encoding' => 'gzip, deflate',
  'accept' => 'text/html,application/xhtml+xml,application/xml;q=0.9,image/webp,image/apng,*/*;q=0.8',
  'user-agent' => 'Mozilla/5.0 (Windows NT 10.0; WOW64) AppleWebKit/537.36 (KHTML, like Gecko) Chrome/69.0.3497.100 Safari/537.36',
  'upgrade-insecure-requests' => '1',
  'cache-control' => 'max-age=0',
  'connection' => 'keep-alive',
  'host' => 'xunpang.hu29.com',
  'content-type' => '',
  'content-length' => '',
)
[ info ] [ PARAM ] array (
)
[ info ] [ LANG ] /www/wwwroot/xunpang/public/../application/index/lang/zh-cn.php
[ info ] [ BEHAVIOR ] Run app\common\behavior\Common @module_init [ RunTime:0.000807s ]
[ info ] [ RUN ] app\index\controller\Douyin->index[ /www/wwwroot/xunpang/application/index/controller/Douyin.php ]
[ info ] [ LOG ] INIT File
---------------------------------------------------------------
[ 2021-07-13T22:56:10+08:00 ] 59.41.160.134 GET xunpang.hu29.com/index/douyin/index
[运行时间：0.773451s] [吞吐率：1.29req/s] [内存消耗：2,860.88kb] [文件加载：125]
[ info ] [ BEHAVIOR ] Run Closure @app_init [ RunTime:0.000016s ]
[ info ] [ CACHE ] INIT File
[ info ] [ BEHAVIOR ] Run Closure @app_init [ RunTime:0.000647s ]
[ info ] [ LANG ] /www/wwwroot/xunpang/thinkphp/lang/zh-cn.php
[ info ] [ BEHAVIOR ] Run app\common\behavior\Common @app_dispatch [ RunTime:0.000163s ]
[ info ] [ ROUTE ] array (
  'type' => 'module',
  'module' => 
  array (
    0 => 'index',
    1 => 'douyin',
    2 => 'index',
  ),
)
[ info ] [ HEADER ] array (
  'cookie' => 'Hm_lvt_bc2cf873176f94d4f951e7ede30e0213=1618976683; Hm_lpvt_bc2cf873176f94d4f951e7ede30e0213=1618985874; Hm_lvt_8fa1cdff01680759a2c826d06749dd8a=1624950209; Hm_lpvt_8fa1cdff01680759a2c826d06749dd8a=1624950209; MONITOR_WEB_ID=fd49c032-edd0-49a3-a517-652747921dc3; s_v_web_id=verify_kr25osgf_XumANEWX_ssZo_4xrs_AQd7_OsWE3cfbuUhH',
  'accept-language' => 'zh-CN,zh;q=0.9',
  'accept-encoding' => 'gzip, deflate',
  'accept' => 'text/html,application/xhtml+xml,application/xml;q=0.9,image/webp,image/apng,*/*;q=0.8',
  'user-agent' => 'Mozilla/5.0 (Windows NT 10.0; WOW64) AppleWebKit/537.36 (KHTML, like Gecko) Chrome/69.0.3497.100 Safari/537.36',
  'upgrade-insecure-requests' => '1',
  'cache-control' => 'max-age=0',
  'connection' => 'keep-alive',
  'host' => 'xunpang.hu29.com',
  'content-type' => '',
  'content-length' => '',
)
[ info ] [ PARAM ] array (
)
[ info ] [ LANG ] /www/wwwroot/xunpang/public/../application/index/lang/zh-cn.php
[ info ] [ BEHAVIOR ] Run app\common\behavior\Common @module_init [ RunTime:0.000855s ]
[ info ] [ RUN ] app\index\controller\Douyin->index[ /www/wwwroot/xunpang/application/index/controller/Douyin.php ]
[ info ] [ LOG ] INIT File
---------------------------------------------------------------
[ 2021-07-13T22:58:23+08:00 ] 59.41.160.134 GET xunpang.hu29.com/index/douyin/index
[运行时间：0.786972s] [吞吐率：1.27req/s] [内存消耗：2,862.59kb] [文件加载：125]
[ info ] [ BEHAVIOR ] Run Closure @app_init [ RunTime:0.000016s ]
[ info ] [ CACHE ] INIT File
[ info ] [ BEHAVIOR ] Run Closure @app_init [ RunTime:0.000643s ]
[ info ] [ LANG ] /www/wwwroot/xunpang/thinkphp/lang/zh-cn.php
[ info ] [ BEHAVIOR ] Run app\common\behavior\Common @app_dispatch [ RunTime:0.000144s ]
[ info ] [ ROUTE ] array (
  'type' => 'module',
  'module' => 
  array (
    0 => 'index',
    1 => 'douyin',
    2 => 'index',
  ),
)
[ info ] [ HEADER ] array (
  'cookie' => 'Hm_lvt_bc2cf873176f94d4f951e7ede30e0213=1618976683; Hm_lpvt_bc2cf873176f94d4f951e7ede30e0213=1618985874; Hm_lvt_8fa1cdff01680759a2c826d06749dd8a=1624950209; Hm_lpvt_8fa1cdff01680759a2c826d06749dd8a=1624950209; MONITOR_WEB_ID=fd49c032-edd0-49a3-a517-652747921dc3; s_v_web_id=verify_kr25osgf_XumANEWX_ssZo_4xrs_AQd7_OsWE3cfbuUhH',
  'accept-language' => 'zh-CN,zh;q=0.9',
  'accept-encoding' => 'gzip, deflate',
  'accept' => 'text/html,application/xhtml+xml,application/xml;q=0.9,image/webp,image/apng,*/*;q=0.8',
  'user-agent' => 'Mozilla/5.0 (Windows NT 10.0; WOW64) AppleWebKit/537.36 (KHTML, like Gecko) Chrome/69.0.3497.100 Safari/537.36',
  'upgrade-insecure-requests' => '1',
  'cache-control' => 'max-age=0',
  'connection' => 'keep-alive',
  'host' => 'xunpang.hu29.com',
  'content-type' => '',
  'content-length' => '',
)
[ info ] [ PARAM ] array (
)
[ info ] [ LANG ] /www/wwwroot/xunpang/public/../application/index/lang/zh-cn.php
[ info ] [ BEHAVIOR ] Run app\common\behavior\Common @module_init [ RunTime:0.000868s ]
[ info ] [ RUN ] app\index\controller\Douyin->index[ /www/wwwroot/xunpang/application/index/controller/Douyin.php ]
[ info ] [ LOG ] INIT File
---------------------------------------------------------------
[ 2021-07-13T23:00:06+08:00 ] 59.41.160.134 GET xunpang.hu29.com/index/douyin/index
[运行时间：0.647163s] [吞吐率：1.55req/s] [内存消耗：2,861.27kb] [文件加载：125]
[ info ] [ BEHAVIOR ] Run Closure @app_init [ RunTime:0.000016s ]
[ info ] [ CACHE ] INIT File
[ info ] [ BEHAVIOR ] Run Closure @app_init [ RunTime:0.000624s ]
[ info ] [ LANG ] /www/wwwroot/xunpang/thinkphp/lang/zh-cn.php
[ info ] [ BEHAVIOR ] Run app\common\behavior\Common @app_dispatch [ RunTime:0.000138s ]
[ info ] [ ROUTE ] array (
  'type' => 'module',
  'module' => 
  array (
    0 => 'index',
    1 => 'douyin',
    2 => 'index',
  ),
)
[ info ] [ HEADER ] array (
  'cookie' => 'Hm_lvt_bc2cf873176f94d4f951e7ede30e0213=1618976683; Hm_lpvt_bc2cf873176f94d4f951e7ede30e0213=1618985874; Hm_lvt_8fa1cdff01680759a2c826d06749dd8a=1624950209; Hm_lpvt_8fa1cdff01680759a2c826d06749dd8a=1624950209; MONITOR_WEB_ID=fd49c032-edd0-49a3-a517-652747921dc3; s_v_web_id=verify_kr25osgf_XumANEWX_ssZo_4xrs_AQd7_OsWE3cfbuUhH',
  'accept-language' => 'zh-CN,zh;q=0.9',
  'accept-encoding' => 'gzip, deflate',
  'accept' => 'text/html,application/xhtml+xml,application/xml;q=0.9,image/webp,image/apng,*/*;q=0.8',
  'user-agent' => 'Mozilla/5.0 (Windows NT 10.0; WOW64) AppleWebKit/537.36 (KHTML, like Gecko) Chrome/69.0.3497.100 Safari/537.36',
  'upgrade-insecure-requests' => '1',
  'cache-control' => 'max-age=0',
  'connection' => 'keep-alive',
  'host' => 'xunpang.hu29.com',
  'content-type' => '',
  'content-length' => '',
)
[ info ] [ PARAM ] array (
)
[ info ] [ LANG ] /www/wwwroot/xunpang/public/../application/index/lang/zh-cn.php
[ info ] [ BEHAVIOR ] Run app\common\behavior\Common @module_init [ RunTime:0.000963s ]
[ info ] [ RUN ] app\index\controller\Douyin->index[ /www/wwwroot/xunpang/application/index/controller/Douyin.php ]
[ info ] [ LOG ] INIT File
---------------------------------------------------------------
[ 2021-07-13T23:00:55+08:00 ] 59.41.160.134 GET xunpang.hu29.com/index/douyin/index
[运行时间：0.746304s] [吞吐率：1.34req/s] [内存消耗：2,861.77kb] [文件加载：125]
[ info ] [ BEHAVIOR ] Run Closure @app_init [ RunTime:0.000021s ]
[ info ] [ CACHE ] INIT File
[ info ] [ BEHAVIOR ] Run Closure @app_init [ RunTime:0.001371s ]
[ info ] [ LANG ] /www/wwwroot/xunpang/thinkphp/lang/zh-cn.php
[ info ] [ BEHAVIOR ] Run app\common\behavior\Common @app_dispatch [ RunTime:0.000368s ]
[ info ] [ ROUTE ] array (
  'type' => 'module',
  'module' => 
  array (
    0 => 'index',
    1 => 'douyin',
    2 => 'index',
  ),
)
[ info ] [ HEADER ] array (
  'cookie' => 'Hm_lvt_bc2cf873176f94d4f951e7ede30e0213=1618976683; Hm_lpvt_bc2cf873176f94d4f951e7ede30e0213=1618985874; Hm_lvt_8fa1cdff01680759a2c826d06749dd8a=1624950209; Hm_lpvt_8fa1cdff01680759a2c826d06749dd8a=1624950209; MONITOR_WEB_ID=fd49c032-edd0-49a3-a517-652747921dc3; s_v_web_id=verify_kr25osgf_XumANEWX_ssZo_4xrs_AQd7_OsWE3cfbuUhH',
  'accept-language' => 'zh-CN,zh;q=0.9',
  'accept-encoding' => 'gzip, deflate',
  'accept' => 'text/html,application/xhtml+xml,application/xml;q=0.9,image/webp,image/apng,*/*;q=0.8',
  'user-agent' => 'Mozilla/5.0 (Windows NT 10.0; WOW64) AppleWebKit/537.36 (KHTML, like Gecko) Chrome/69.0.3497.100 Safari/537.36',
  'upgrade-insecure-requests' => '1',
  'cache-control' => 'max-age=0',
  'connection' => 'keep-alive',
  'host' => 'xunpang.hu29.com',
  'content-type' => '',
  'content-length' => '',
)
[ info ] [ PARAM ] array (
)
[ info ] [ LANG ] /www/wwwroot/xunpang/public/../application/index/lang/zh-cn.php
[ info ] [ BEHAVIOR ] Run app\common\behavior\Common @module_init [ RunTime:0.001453s ]
[ info ] [ RUN ] app\index\controller\Douyin->index[ /www/wwwroot/xunpang/application/index/controller/Douyin.php ]
[ info ] [ LOG ] INIT File
---------------------------------------------------------------
[ 2021-07-13T23:01:03+08:00 ] 59.41.160.134 GET xunpang.hu29.com/index/douyin/index
[运行时间：0.607729s] [吞吐率：1.65req/s] [内存消耗：2,861.96kb] [文件加载：125]
[ info ] [ BEHAVIOR ] Run Closure @app_init [ RunTime:0.000024s ]
[ info ] [ CACHE ] INIT File
[ info ] [ BEHAVIOR ] Run Closure @app_init [ RunTime:0.000673s ]
[ info ] [ LANG ] /www/wwwroot/xunpang/thinkphp/lang/zh-cn.php
[ info ] [ BEHAVIOR ] Run app\common\behavior\Common @app_dispatch [ RunTime:0.000141s ]
[ info ] [ ROUTE ] array (
  'type' => 'module',
  'module' => 
  array (
    0 => 'index',
    1 => 'douyin',
    2 => 'index',
  ),
)
[ info ] [ HEADER ] array (
  'cookie' => 'Hm_lvt_bc2cf873176f94d4f951e7ede30e0213=1618976683; Hm_lpvt_bc2cf873176f94d4f951e7ede30e0213=1618985874; Hm_lvt_8fa1cdff01680759a2c826d06749dd8a=1624950209; Hm_lpvt_8fa1cdff01680759a2c826d06749dd8a=1624950209; MONITOR_WEB_ID=fd49c032-edd0-49a3-a517-652747921dc3; s_v_web_id=verify_kr25osgf_XumANEWX_ssZo_4xrs_AQd7_OsWE3cfbuUhH',
  'accept-language' => 'zh-CN,zh;q=0.9',
  'accept-encoding' => 'gzip, deflate',
  'accept' => 'text/html,application/xhtml+xml,application/xml;q=0.9,image/webp,image/apng,*/*;q=0.8',
  'user-agent' => 'Mozilla/5.0 (Windows NT 10.0; WOW64) AppleWebKit/537.36 (KHTML, like Gecko) Chrome/69.0.3497.100 Safari/537.36',
  'upgrade-insecure-requests' => '1',
  'cache-control' => 'max-age=0',
  'connection' => 'keep-alive',
  'host' => 'xunpang.hu29.com',
  'content-type' => '',
  'content-length' => '',
)
[ info ] [ PARAM ] array (
)
[ info ] [ LANG ] /www/wwwroot/xunpang/public/../application/index/lang/zh-cn.php
[ info ] [ BEHAVIOR ] Run app\common\behavior\Common @module_init [ RunTime:0.000831s ]
[ info ] [ RUN ] app\index\controller\Douyin->index[ /www/wwwroot/xunpang/application/index/controller/Douyin.php ]
[ info ] [ LOG ] INIT File
---------------------------------------------------------------
[ 2021-07-13T23:01:24+08:00 ] 59.41.160.134 GET xunpang.hu29.com/index/douyin/index
[运行时间：0.724428s] [吞吐率：1.38req/s] [内存消耗：2,886.38kb] [文件加载：127]
[ info ] [ BEHAVIOR ] Run Closure @app_init [ RunTime:0.000019s ]
[ info ] [ CACHE ] INIT File
[ info ] [ BEHAVIOR ] Run Closure @app_init [ RunTime:0.000665s ]
[ info ] [ LANG ] /www/wwwroot/xunpang/thinkphp/lang/zh-cn.php
[ info ] [ BEHAVIOR ] Run app\common\behavior\Common @app_dispatch [ RunTime:0.000152s ]
[ info ] [ ROUTE ] array (
  'type' => 'module',
  'module' => 
  array (
    0 => 'index',
    1 => 'douyin',
    2 => 'index',
  ),
)
[ info ] [ HEADER ] array (
  'cookie' => 'Hm_lvt_bc2cf873176f94d4f951e7ede30e0213=1618976683; Hm_lpvt_bc2cf873176f94d4f951e7ede30e0213=1618985874; Hm_lvt_8fa1cdff01680759a2c826d06749dd8a=1624950209; Hm_lpvt_8fa1cdff01680759a2c826d06749dd8a=1624950209; MONITOR_WEB_ID=fd49c032-edd0-49a3-a517-652747921dc3; s_v_web_id=verify_kr25osgf_XumANEWX_ssZo_4xrs_AQd7_OsWE3cfbuUhH',
  'accept-language' => 'zh-CN,zh;q=0.9',
  'accept-encoding' => 'gzip, deflate',
  'accept' => 'text/html,application/xhtml+xml,application/xml;q=0.9,image/webp,image/apng,*/*;q=0.8',
  'user-agent' => 'Mozilla/5.0 (Windows NT 10.0; WOW64) AppleWebKit/537.36 (KHTML, like Gecko) Chrome/69.0.3497.100 Safari/537.36',
  'upgrade-insecure-requests' => '1',
  'cache-control' => 'max-age=0',
  'connection' => 'keep-alive',
  'host' => 'xunpang.hu29.com',
  'content-type' => '',
  'content-length' => '',
)
[ info ] [ PARAM ] array (
)
[ info ] [ LANG ] /www/wwwroot/xunpang/public/../application/index/lang/zh-cn.php
[ info ] [ BEHAVIOR ] Run app\common\behavior\Common @module_init [ RunTime:0.000870s ]
[ info ] [ RUN ] app\index\controller\Douyin->index[ /www/wwwroot/xunpang/application/index/controller/Douyin.php ]
[ info ] [ LOG ] INIT File
---------------------------------------------------------------
[ 2021-07-13T23:03:04+08:00 ] 59.41.160.134 GET xunpang.hu29.com/index/douyin/index
[运行时间：0.886653s] [吞吐率：1.13req/s] [内存消耗：2,957.79kb] [文件加载：131]
[ info ] [ BEHAVIOR ] Run Closure @app_init [ RunTime:0.000016s ]
[ info ] [ CACHE ] INIT File
[ info ] [ BEHAVIOR ] Run Closure @app_init [ RunTime:0.000784s ]
[ info ] [ LANG ] /www/wwwroot/xunpang/thinkphp/lang/zh-cn.php
[ info ] [ BEHAVIOR ] Run app\common\behavior\Common @app_dispatch [ RunTime:0.000151s ]
[ info ] [ ROUTE ] array (
  'type' => 'module',
  'module' => 
  array (
    0 => 'index',
    1 => 'douyin',
    2 => 'index',
  ),
)
[ info ] [ HEADER ] array (
  'cookie' => 'Hm_lvt_bc2cf873176f94d4f951e7ede30e0213=1618976683; Hm_lpvt_bc2cf873176f94d4f951e7ede30e0213=1618985874; Hm_lvt_8fa1cdff01680759a2c826d06749dd8a=1624950209; Hm_lpvt_8fa1cdff01680759a2c826d06749dd8a=1624950209; MONITOR_WEB_ID=fd49c032-edd0-49a3-a517-652747921dc3; s_v_web_id=verify_kr25osgf_XumANEWX_ssZo_4xrs_AQd7_OsWE3cfbuUhH',
  'accept-language' => 'zh-CN,zh;q=0.9',
  'accept-encoding' => 'gzip, deflate',
  'accept' => 'text/html,application/xhtml+xml,application/xml;q=0.9,image/webp,image/apng,*/*;q=0.8',
  'user-agent' => 'Mozilla/5.0 (Windows NT 10.0; WOW64) AppleWebKit/537.36 (KHTML, like Gecko) Chrome/69.0.3497.100 Safari/537.36',
  'upgrade-insecure-requests' => '1',
  'cache-control' => 'max-age=0',
  'connection' => 'keep-alive',
  'host' => 'xunpang.hu29.com',
  'content-type' => '',
  'content-length' => '',
)
[ info ] [ PARAM ] array (
)
[ info ] [ LANG ] /www/wwwroot/xunpang/public/../application/index/lang/zh-cn.php
[ info ] [ BEHAVIOR ] Run app\common\behavior\Common @module_init [ RunTime:0.000829s ]
[ info ] [ RUN ] app\index\controller\Douyin->index[ /www/wwwroot/xunpang/application/index/controller/Douyin.php ]
[ info ] [ LOG ] INIT File
[ error ] [2]exec() has been disabled for security reasons[/www/wwwroot/xunpang/application/index/controller/Douyin.php:25]
---------------------------------------------------------------
[ 2021-07-13T23:03:33+08:00 ] 59.41.160.134 GET xunpang.hu29.com/index/douyin/index
[运行时间：2.011817s] [吞吐率：0.50req/s] [内存消耗：2,886.75kb] [文件加载：127]
[ info ] [ BEHAVIOR ] Run Closure @app_init [ RunTime:0.000090s ]
[ info ] [ CACHE ] INIT File
[ info ] [ BEHAVIOR ] Run Closure @app_init [ RunTime:0.000710s ]
[ info ] [ LANG ] /www/wwwroot/xunpang/thinkphp/lang/zh-cn.php
[ info ] [ BEHAVIOR ] Run app\common\behavior\Common @app_dispatch [ RunTime:0.000155s ]
[ info ] [ ROUTE ] array (
  'type' => 'module',
  'module' => 
  array (
    0 => 'index',
    1 => 'douyin',
    2 => 'index',
  ),
)
[ info ] [ HEADER ] array (
  'cookie' => 'Hm_lvt_bc2cf873176f94d4f951e7ede30e0213=1618976683; Hm_lpvt_bc2cf873176f94d4f951e7ede30e0213=1618985874; Hm_lvt_8fa1cdff01680759a2c826d06749dd8a=1624950209; Hm_lpvt_8fa1cdff01680759a2c826d06749dd8a=1624950209; MONITOR_WEB_ID=fd49c032-edd0-49a3-a517-652747921dc3; s_v_web_id=verify_kr25osgf_XumANEWX_ssZo_4xrs_AQd7_OsWE3cfbuUhH',
  'accept-language' => 'zh-CN,zh;q=0.9',
  'accept-encoding' => 'gzip, deflate',
  'accept' => 'text/html,application/xhtml+xml,application/xml;q=0.9,image/webp,image/apng,*/*;q=0.8',
  'user-agent' => 'Mozilla/5.0 (Windows NT 10.0; WOW64) AppleWebKit/537.36 (KHTML, like Gecko) Chrome/69.0.3497.100 Safari/537.36',
  'upgrade-insecure-requests' => '1',
  'cache-control' => 'max-age=0',
  'connection' => 'keep-alive',
  'host' => 'xunpang.hu29.com',
  'content-type' => '',
  'content-length' => '',
)
[ info ] [ PARAM ] array (
)
[ info ] [ LANG ] /www/wwwroot/xunpang/public/../application/index/lang/zh-cn.php
[ info ] [ BEHAVIOR ] Run app\common\behavior\Common @module_init [ RunTime:0.001035s ]
[ info ] [ RUN ] app\index\controller\Douyin->index[ /www/wwwroot/xunpang/application/index/controller/Douyin.php ]
[ info ] [ LOG ] INIT File
---------------------------------------------------------------
[ 2021-07-13T23:27:04+08:00 ] 59.41.160.134 GET xunpang.hu29.com/index/douyin/index
[运行时间：0.734802s] [吞吐率：1.36req/s] [内存消耗：2,886.75kb] [文件加载：127]
[ info ] [ BEHAVIOR ] Run Closure @app_init [ RunTime:0.000017s ]
[ info ] [ CACHE ] INIT File
[ info ] [ BEHAVIOR ] Run Closure @app_init [ RunTime:0.000668s ]
[ info ] [ LANG ] /www/wwwroot/xunpang/thinkphp/lang/zh-cn.php
[ info ] [ BEHAVIOR ] Run app\common\behavior\Common @app_dispatch [ RunTime:0.000148s ]
[ info ] [ ROUTE ] array (
  'type' => 'module',
  'module' => 
  array (
    0 => 'index',
    1 => 'douyin',
    2 => 'index',
  ),
)
[ info ] [ HEADER ] array (
  'cookie' => 'Hm_lvt_bc2cf873176f94d4f951e7ede30e0213=1618976683; Hm_lpvt_bc2cf873176f94d4f951e7ede30e0213=1618985874; Hm_lvt_8fa1cdff01680759a2c826d06749dd8a=1624950209; Hm_lpvt_8fa1cdff01680759a2c826d06749dd8a=1624950209; MONITOR_WEB_ID=fd49c032-edd0-49a3-a517-652747921dc3; s_v_web_id=verify_kr25osgf_XumANEWX_ssZo_4xrs_AQd7_OsWE3cfbuUhH',
  'accept-language' => 'zh-CN,zh;q=0.9',
  'accept-encoding' => 'gzip, deflate',
  'accept' => 'text/html,application/xhtml+xml,application/xml;q=0.9,image/webp,image/apng,*/*;q=0.8',
  'user-agent' => 'Mozilla/5.0 (Windows NT 10.0; WOW64) AppleWebKit/537.36 (KHTML, like Gecko) Chrome/69.0.3497.100 Safari/537.36',
  'upgrade-insecure-requests' => '1',
  'cache-control' => 'max-age=0',
  'connection' => 'keep-alive',
  'host' => 'xunpang.hu29.com',
  'content-type' => '',
  'content-length' => '',
)
[ info ] [ PARAM ] array (
)
[ info ] [ LANG ] /www/wwwroot/xunpang/public/../application/index/lang/zh-cn.php
[ info ] [ BEHAVIOR ] Run app\common\behavior\Common @module_init [ RunTime:0.000835s ]
[ info ] [ RUN ] app\index\controller\Douyin->index[ /www/wwwroot/xunpang/application/index/controller/Douyin.php ]
[ info ] [ LOG ] INIT File
---------------------------------------------------------------
[ 2021-07-13T23:27:04+08:00 ] 59.41.160.134 GET xunpang.hu29.com/index/douyin/index
[运行时间：0.519994s] [吞吐率：1.92req/s] [内存消耗：2,886.75kb] [文件加载：127]
[ info ] [ BEHAVIOR ] Run Closure @app_init [ RunTime:0.000015s ]
[ info ] [ CACHE ] INIT File
[ info ] [ BEHAVIOR ] Run Closure @app_init [ RunTime:0.000620s ]
[ info ] [ LANG ] /www/wwwroot/xunpang/thinkphp/lang/zh-cn.php
[ info ] [ BEHAVIOR ] Run app\common\behavior\Common @app_dispatch [ RunTime:0.000146s ]
[ info ] [ ROUTE ] array (
  'type' => 'module',
  'module' => 
  array (
    0 => 'index',
    1 => 'douyin',
    2 => 'index',
  ),
)
[ info ] [ HEADER ] array (
  'cookie' => 'Hm_lvt_bc2cf873176f94d4f951e7ede30e0213=1618976683; Hm_lpvt_bc2cf873176f94d4f951e7ede30e0213=1618985874; Hm_lvt_8fa1cdff01680759a2c826d06749dd8a=1624950209; Hm_lpvt_8fa1cdff01680759a2c826d06749dd8a=1624950209; MONITOR_WEB_ID=fd49c032-edd0-49a3-a517-652747921dc3; s_v_web_id=verify_kr25osgf_XumANEWX_ssZo_4xrs_AQd7_OsWE3cfbuUhH',
  'accept-language' => 'zh-CN,zh;q=0.9',
  'accept-encoding' => 'gzip, deflate',
  'accept' => 'text/html,application/xhtml+xml,application/xml;q=0.9,image/webp,image/apng,*/*;q=0.8',
  'user-agent' => 'Mozilla/5.0 (Windows NT 10.0; WOW64) AppleWebKit/537.36 (KHTML, like Gecko) Chrome/69.0.3497.100 Safari/537.36',
  'upgrade-insecure-requests' => '1',
  'cache-control' => 'max-age=0',
  'connection' => 'keep-alive',
  'host' => 'xunpang.hu29.com',
  'content-type' => '',
  'content-length' => '',
)
[ info ] [ PARAM ] array (
)
[ info ] [ LANG ] /www/wwwroot/xunpang/public/../application/index/lang/zh-cn.php
[ info ] [ BEHAVIOR ] Run app\common\behavior\Common @module_init [ RunTime:0.000872s ]
[ info ] [ RUN ] app\index\controller\Douyin->index[ /www/wwwroot/xunpang/application/index/controller/Douyin.php ]
[ info ] [ LOG ] INIT File
---------------------------------------------------------------
[ 2021-07-13T23:27:19+08:00 ] 59.41.160.134 GET xunpang.hu29.com/index/douyin/index
[运行时间：0.687871s] [吞吐率：1.45req/s] [内存消耗：2,886.75kb] [文件加载：127]
[ info ] [ BEHAVIOR ] Run Closure @app_init [ RunTime:0.000014s ]
[ info ] [ CACHE ] INIT File
[ info ] [ BEHAVIOR ] Run Closure @app_init [ RunTime:0.000661s ]
[ info ] [ LANG ] /www/wwwroot/xunpang/thinkphp/lang/zh-cn.php
[ info ] [ BEHAVIOR ] Run app\common\behavior\Common @app_dispatch [ RunTime:0.000148s ]
[ info ] [ ROUTE ] array (
  'type' => 'module',
  'module' => 
  array (
    0 => 'index',
    1 => 'douyin',
    2 => 'index',
  ),
)
[ info ] [ HEADER ] array (
  'cookie' => 'Hm_lvt_bc2cf873176f94d4f951e7ede30e0213=1618976683; Hm_lpvt_bc2cf873176f94d4f951e7ede30e0213=1618985874; Hm_lvt_8fa1cdff01680759a2c826d06749dd8a=1624950209; Hm_lpvt_8fa1cdff01680759a2c826d06749dd8a=1624950209; MONITOR_WEB_ID=fd49c032-edd0-49a3-a517-652747921dc3; s_v_web_id=verify_kr25osgf_XumANEWX_ssZo_4xrs_AQd7_OsWE3cfbuUhH',
  'accept-language' => 'zh-CN,zh;q=0.9',
  'accept-encoding' => 'gzip, deflate',
  'accept' => 'text/html,application/xhtml+xml,application/xml;q=0.9,image/webp,image/apng,*/*;q=0.8',
  'user-agent' => 'Mozilla/5.0 (Windows NT 10.0; WOW64) AppleWebKit/537.36 (KHTML, like Gecko) Chrome/69.0.3497.100 Safari/537.36',
  'upgrade-insecure-requests' => '1',
  'cache-control' => 'max-age=0',
  'connection' => 'keep-alive',
  'host' => 'xunpang.hu29.com',
  'content-type' => '',
  'content-length' => '',
)
[ info ] [ PARAM ] array (
)
[ info ] [ LANG ] /www/wwwroot/xunpang/public/../application/index/lang/zh-cn.php
[ info ] [ BEHAVIOR ] Run app\common\behavior\Common @module_init [ RunTime:0.000886s ]
[ info ] [ RUN ] app\index\controller\Douyin->index[ /www/wwwroot/xunpang/application/index/controller/Douyin.php ]
[ info ] [ LOG ] INIT File
---------------------------------------------------------------
[ 2021-07-13T23:27:40+08:00 ] 59.41.160.134 GET xunpang.hu29.com/index/douyin/index
[运行时间：0.877159s] [吞吐率：1.14req/s] [内存消耗：2,886.75kb] [文件加载：127]
[ info ] [ BEHAVIOR ] Run Closure @app_init [ RunTime:0.000016s ]
[ info ] [ CACHE ] INIT File
[ info ] [ BEHAVIOR ] Run Closure @app_init [ RunTime:0.000597s ]
[ info ] [ LANG ] /www/wwwroot/xunpang/thinkphp/lang/zh-cn.php
[ info ] [ BEHAVIOR ] Run app\common\behavior\Common @app_dispatch [ RunTime:0.000134s ]
[ info ] [ ROUTE ] array (
  'type' => 'module',
  'module' => 
  array (
    0 => 'index',
    1 => 'douyin',
    2 => 'index',
  ),
)
[ info ] [ HEADER ] array (
  'cookie' => 'Hm_lvt_bc2cf873176f94d4f951e7ede30e0213=1618976683; Hm_lpvt_bc2cf873176f94d4f951e7ede30e0213=1618985874; Hm_lvt_8fa1cdff01680759a2c826d06749dd8a=1624950209; Hm_lpvt_8fa1cdff01680759a2c826d06749dd8a=1624950209; MONITOR_WEB_ID=fd49c032-edd0-49a3-a517-652747921dc3; s_v_web_id=verify_kr25osgf_XumANEWX_ssZo_4xrs_AQd7_OsWE3cfbuUhH',
  'accept-language' => 'zh-CN,zh;q=0.9',
  'accept-encoding' => 'gzip, deflate',
  'accept' => 'text/html,application/xhtml+xml,application/xml;q=0.9,image/webp,image/apng,*/*;q=0.8',
  'user-agent' => 'Mozilla/5.0 (Windows NT 10.0; WOW64) AppleWebKit/537.36 (KHTML, like Gecko) Chrome/69.0.3497.100 Safari/537.36',
  'upgrade-insecure-requests' => '1',
  'cache-control' => 'max-age=0',
  'connection' => 'keep-alive',
  'host' => 'xunpang.hu29.com',
  'content-type' => '',
  'content-length' => '',
)
[ info ] [ PARAM ] array (
)
[ info ] [ LANG ] /www/wwwroot/xunpang/public/../application/index/lang/zh-cn.php
[ info ] [ BEHAVIOR ] Run app\common\behavior\Common @module_init [ RunTime:0.000863s ]
[ info ] [ RUN ] app\index\controller\Douyin->index[ /www/wwwroot/xunpang/application/index/controller/Douyin.php ]
[ info ] [ LOG ] INIT File
---------------------------------------------------------------
[ 2021-07-13T23:29:55+08:00 ] 59.41.160.134 GET xunpang.hu29.com/index/douyin/index
[运行时间：0.710619s] [吞吐率：1.41req/s] [内存消耗：2,886.75kb] [文件加载：127]
[ info ] [ BEHAVIOR ] Run Closure @app_init [ RunTime:0.000014s ]
[ info ] [ CACHE ] INIT File
[ info ] [ BEHAVIOR ] Run Closure @app_init [ RunTime:0.000791s ]
[ info ] [ LANG ] /www/wwwroot/xunpang/thinkphp/lang/zh-cn.php
[ info ] [ BEHAVIOR ] Run app\common\behavior\Common @app_dispatch [ RunTime:0.000182s ]
[ info ] [ ROUTE ] array (
  'type' => 'module',
  'module' => 
  array (
    0 => 'index',
    1 => 'douyin',
    2 => 'index',
  ),
)
[ info ] [ HEADER ] array (
  'cookie' => 'Hm_lvt_bc2cf873176f94d4f951e7ede30e0213=1618976683; Hm_lpvt_bc2cf873176f94d4f951e7ede30e0213=1618985874; Hm_lvt_8fa1cdff01680759a2c826d06749dd8a=1624950209; Hm_lpvt_8fa1cdff01680759a2c826d06749dd8a=1624950209; MONITOR_WEB_ID=fd49c032-edd0-49a3-a517-652747921dc3; s_v_web_id=verify_kr25osgf_XumANEWX_ssZo_4xrs_AQd7_OsWE3cfbuUhH',
  'accept-language' => 'zh-CN,zh;q=0.9',
  'accept-encoding' => 'gzip, deflate',
  'accept' => 'text/html,application/xhtml+xml,application/xml;q=0.9,image/webp,image/apng,*/*;q=0.8',
  'user-agent' => 'Mozilla/5.0 (Windows NT 10.0; WOW64) AppleWebKit/537.36 (KHTML, like Gecko) Chrome/69.0.3497.100 Safari/537.36',
  'upgrade-insecure-requests' => '1',
  'cache-control' => 'max-age=0',
  'connection' => 'keep-alive',
  'host' => 'xunpang.hu29.com',
  'content-type' => '',
  'content-length' => '',
)
[ info ] [ PARAM ] array (
)
[ info ] [ LANG ] /www/wwwroot/xunpang/public/../application/index/lang/zh-cn.php
[ info ] [ BEHAVIOR ] Run app\common\behavior\Common @module_init [ RunTime:0.000863s ]
[ info ] [ RUN ] app\index\controller\Douyin->index[ /www/wwwroot/xunpang/application/index/controller/Douyin.php ]
[ info ] [ LOG ] INIT File
---------------------------------------------------------------
[ 2021-07-13T23:30:18+08:00 ] 59.41.160.134 GET xunpang.hu29.com/index/douyin/index
[运行时间：0.934222s] [吞吐率：1.07req/s] [内存消耗：2,886.75kb] [文件加载：127]
[ info ] [ BEHAVIOR ] Run Closure @app_init [ RunTime:0.000014s ]
[ info ] [ CACHE ] INIT File
[ info ] [ BEHAVIOR ] Run Closure @app_init [ RunTime:0.000615s ]
[ info ] [ LANG ] /www/wwwroot/xunpang/thinkphp/lang/zh-cn.php
[ info ] [ BEHAVIOR ] Run app\common\behavior\Common @app_dispatch [ RunTime:0.000167s ]
[ info ] [ ROUTE ] array (
  'type' => 'module',
  'module' => 
  array (
    0 => 'index',
    1 => 'douyin',
    2 => 'index',
  ),
)
[ info ] [ HEADER ] array (
  'cookie' => 'Hm_lvt_bc2cf873176f94d4f951e7ede30e0213=1618976683; Hm_lpvt_bc2cf873176f94d4f951e7ede30e0213=1618985874; Hm_lvt_8fa1cdff01680759a2c826d06749dd8a=1624950209; Hm_lpvt_8fa1cdff01680759a2c826d06749dd8a=1624950209; MONITOR_WEB_ID=fd49c032-edd0-49a3-a517-652747921dc3; s_v_web_id=verify_kr25osgf_XumANEWX_ssZo_4xrs_AQd7_OsWE3cfbuUhH',
  'accept-language' => 'zh-CN,zh;q=0.9',
  'accept-encoding' => 'gzip, deflate',
  'accept' => 'text/html,application/xhtml+xml,application/xml;q=0.9,image/webp,image/apng,*/*;q=0.8',
  'user-agent' => 'Mozilla/5.0 (Windows NT 10.0; WOW64) AppleWebKit/537.36 (KHTML, like Gecko) Chrome/69.0.3497.100 Safari/537.36',
  'upgrade-insecure-requests' => '1',
  'cache-control' => 'max-age=0',
  'connection' => 'keep-alive',
  'host' => 'xunpang.hu29.com',
  'content-type' => '',
  'content-length' => '',
)
[ info ] [ PARAM ] array (
)
[ info ] [ LANG ] /www/wwwroot/xunpang/public/../application/index/lang/zh-cn.php
[ info ] [ BEHAVIOR ] Run app\common\behavior\Common @module_init [ RunTime:0.000828s ]
[ info ] [ RUN ] app\index\controller\Douyin->index[ /www/wwwroot/xunpang/application/index/controller/Douyin.php ]
[ info ] [ LOG ] INIT File
---------------------------------------------------------------
[ 2021-07-13T23:36:42+08:00 ] 59.41.160.134 GET xunpang.hu29.com/index/douyin/index
[运行时间：0.824349s] [吞吐率：1.21req/s] [内存消耗：2,886.75kb] [文件加载：127]
[ info ] [ BEHAVIOR ] Run Closure @app_init [ RunTime:0.000016s ]
[ info ] [ CACHE ] INIT File
[ info ] [ BEHAVIOR ] Run Closure @app_init [ RunTime:0.002013s ]
[ info ] [ LANG ] /www/wwwroot/xunpang/thinkphp/lang/zh-cn.php
[ info ] [ BEHAVIOR ] Run app\common\behavior\Common @app_dispatch [ RunTime:0.001064s ]
[ info ] [ ROUTE ] array (
  'type' => 'module',
  'module' => 
  array (
    0 => 'index',
    1 => 'douyin',
    2 => 'index',
  ),
)
[ info ] [ HEADER ] array (
  'cookie' => 'Hm_lvt_bc2cf873176f94d4f951e7ede30e0213=1618976683; Hm_lpvt_bc2cf873176f94d4f951e7ede30e0213=1618985874; Hm_lvt_8fa1cdff01680759a2c826d06749dd8a=1624950209; Hm_lpvt_8fa1cdff01680759a2c826d06749dd8a=1624950209; MONITOR_WEB_ID=fd49c032-edd0-49a3-a517-652747921dc3; s_v_web_id=verify_kr25osgf_XumANEWX_ssZo_4xrs_AQd7_OsWE3cfbuUhH',
  'accept-language' => 'zh-CN,zh;q=0.9',
  'accept-encoding' => 'gzip, deflate',
  'accept' => 'text/html,application/xhtml+xml,application/xml;q=0.9,image/webp,image/apng,*/*;q=0.8',
  'user-agent' => 'Mozilla/5.0 (Windows NT 10.0; WOW64) AppleWebKit/537.36 (KHTML, like Gecko) Chrome/69.0.3497.100 Safari/537.36',
  'upgrade-insecure-requests' => '1',
  'cache-control' => 'max-age=0',
  'connection' => 'keep-alive',
  'host' => 'xunpang.hu29.com',
  'content-type' => '',
  'content-length' => '',
)
[ info ] [ PARAM ] array (
)
[ info ] [ LANG ] /www/wwwroot/xunpang/public/../application/index/lang/zh-cn.php
[ info ] [ BEHAVIOR ] Run app\common\behavior\Common @module_init [ RunTime:0.001623s ]
[ info ] [ RUN ] app\index\controller\Douyin->index[ /www/wwwroot/xunpang/application/index/controller/Douyin.php ]
[ info ] [ LOG ] INIT File
---------------------------------------------------------------
[ 2021-07-13T23:36:59+08:00 ] 59.41.160.134 GET xunpang.hu29.com/index/douyin/index
[运行时间：0.867114s] [吞吐率：1.15req/s] [内存消耗：2,886.75kb] [文件加载：127]
[ info ] [ BEHAVIOR ] Run Closure @app_init [ RunTime:0.000015s ]
[ info ] [ CACHE ] INIT File
[ info ] [ BEHAVIOR ] Run Closure @app_init [ RunTime:0.000715s ]
[ info ] [ LANG ] /www/wwwroot/xunpang/thinkphp/lang/zh-cn.php
[ info ] [ BEHAVIOR ] Run app\common\behavior\Common @app_dispatch [ RunTime:0.000131s ]
[ info ] [ ROUTE ] array (
  'type' => 'module',
  'module' => 
  array (
    0 => 'index',
    1 => 'douyin',
    2 => 'index',
  ),
)
[ info ] [ HEADER ] array (
  'cookie' => 'Hm_lvt_bc2cf873176f94d4f951e7ede30e0213=1618976683; Hm_lpvt_bc2cf873176f94d4f951e7ede30e0213=1618985874; Hm_lvt_8fa1cdff01680759a2c826d06749dd8a=1624950209; Hm_lpvt_8fa1cdff01680759a2c826d06749dd8a=1624950209; MONITOR_WEB_ID=fd49c032-edd0-49a3-a517-652747921dc3; s_v_web_id=verify_kr25osgf_XumANEWX_ssZo_4xrs_AQd7_OsWE3cfbuUhH',
  'accept-language' => 'zh-CN,zh;q=0.9',
  'accept-encoding' => 'gzip, deflate',
  'accept' => 'text/html,application/xhtml+xml,application/xml;q=0.9,image/webp,image/apng,*/*;q=0.8',
  'user-agent' => 'Mozilla/5.0 (Windows NT 10.0; WOW64) AppleWebKit/537.36 (KHTML, like Gecko) Chrome/69.0.3497.100 Safari/537.36',
  'upgrade-insecure-requests' => '1',
  'cache-control' => 'max-age=0',
  'connection' => 'keep-alive',
  'host' => 'xunpang.hu29.com',
  'content-type' => '',
  'content-length' => '',
)
[ info ] [ PARAM ] array (
)
[ info ] [ LANG ] /www/wwwroot/xunpang/public/../application/index/lang/zh-cn.php
[ info ] [ BEHAVIOR ] Run app\common\behavior\Common @module_init [ RunTime:0.000822s ]
[ info ] [ RUN ] app\index\controller\Douyin->index[ /www/wwwroot/xunpang/application/index/controller/Douyin.php ]
[ info ] [ LOG ] INIT File
---------------------------------------------------------------
[ 2021-07-13T23:37:22+08:00 ] 59.41.160.134 GET xunpang.hu29.com/index/douyin/index
[运行时间：0.743479s] [吞吐率：1.35req/s] [内存消耗：2,886.75kb] [文件加载：127]
[ info ] [ BEHAVIOR ] Run Closure @app_init [ RunTime:0.000018s ]
[ info ] [ CACHE ] INIT File
[ info ] [ BEHAVIOR ] Run Closure @app_init [ RunTime:0.000626s ]
[ info ] [ LANG ] /www/wwwroot/xunpang/thinkphp/lang/zh-cn.php
[ info ] [ BEHAVIOR ] Run app\common\behavior\Common @app_dispatch [ RunTime:0.000136s ]
[ info ] [ ROUTE ] array (
  'type' => 'module',
  'module' => 
  array (
    0 => 'index',
    1 => 'douyin',
    2 => 'index',
  ),
)
[ info ] [ HEADER ] array (
  'cookie' => 'Hm_lvt_bc2cf873176f94d4f951e7ede30e0213=1618976683; Hm_lpvt_bc2cf873176f94d4f951e7ede30e0213=1618985874; Hm_lvt_8fa1cdff01680759a2c826d06749dd8a=1624950209; Hm_lpvt_8fa1cdff01680759a2c826d06749dd8a=1624950209; MONITOR_WEB_ID=fd49c032-edd0-49a3-a517-652747921dc3; s_v_web_id=verify_kr25osgf_XumANEWX_ssZo_4xrs_AQd7_OsWE3cfbuUhH',
  'accept-language' => 'zh-CN,zh;q=0.9',
  'accept-encoding' => 'gzip, deflate',
  'accept' => 'text/html,application/xhtml+xml,application/xml;q=0.9,image/webp,image/apng,*/*;q=0.8',
  'user-agent' => 'Mozilla/5.0 (Windows NT 10.0; WOW64) AppleWebKit/537.36 (KHTML, like Gecko) Chrome/69.0.3497.100 Safari/537.36',
  'upgrade-insecure-requests' => '1',
  'cache-control' => 'max-age=0',
  'connection' => 'keep-alive',
  'host' => 'xunpang.hu29.com',
  'content-type' => '',
  'content-length' => '',
)
[ info ] [ PARAM ] array (
)
[ info ] [ LANG ] /www/wwwroot/xunpang/public/../application/index/lang/zh-cn.php
[ info ] [ BEHAVIOR ] Run app\common\behavior\Common @module_init [ RunTime:0.000864s ]
[ info ] [ RUN ] app\index\controller\Douyin->index[ /www/wwwroot/xunpang/application/index/controller/Douyin.php ]
[ info ] [ LOG ] INIT File
---------------------------------------------------------------
[ 2021-07-13T23:37:43+08:00 ] 59.41.160.134 GET xunpang.hu29.com/index/douyin/index
[运行时间：1.768426s] [吞吐率：0.57req/s] [内存消耗：2,886.75kb] [文件加载：127]
[ info ] [ BEHAVIOR ] Run Closure @app_init [ RunTime:0.000016s ]
[ info ] [ CACHE ] INIT File
[ info ] [ BEHAVIOR ] Run Closure @app_init [ RunTime:0.000616s ]
[ info ] [ LANG ] /www/wwwroot/xunpang/thinkphp/lang/zh-cn.php
[ info ] [ BEHAVIOR ] Run app\common\behavior\Common @app_dispatch [ RunTime:0.000132s ]
[ info ] [ ROUTE ] array (
  'type' => 'module',
  'module' => 
  array (
    0 => 'index',
    1 => 'douyin',
    2 => 'index',
  ),
)
[ info ] [ HEADER ] array (
  'cookie' => 'Hm_lvt_bc2cf873176f94d4f951e7ede30e0213=1618976683; Hm_lpvt_bc2cf873176f94d4f951e7ede30e0213=1618985874; Hm_lvt_8fa1cdff01680759a2c826d06749dd8a=1624950209; Hm_lpvt_8fa1cdff01680759a2c826d06749dd8a=1624950209; MONITOR_WEB_ID=fd49c032-edd0-49a3-a517-652747921dc3; s_v_web_id=verify_kr25osgf_XumANEWX_ssZo_4xrs_AQd7_OsWE3cfbuUhH',
  'accept-language' => 'zh-CN,zh;q=0.9',
  'accept-encoding' => 'gzip, deflate',
  'accept' => 'text/html,application/xhtml+xml,application/xml;q=0.9,image/webp,image/apng,*/*;q=0.8',
  'user-agent' => 'Mozilla/5.0 (Windows NT 10.0; WOW64) AppleWebKit/537.36 (KHTML, like Gecko) Chrome/69.0.3497.100 Safari/537.36',
  'upgrade-insecure-requests' => '1',
  'cache-control' => 'max-age=0',
  'connection' => 'keep-alive',
  'host' => 'xunpang.hu29.com',
  'content-type' => '',
  'content-length' => '',
)
[ info ] [ PARAM ] array (
)
[ info ] [ LANG ] /www/wwwroot/xunpang/public/../application/index/lang/zh-cn.php
[ info ] [ BEHAVIOR ] Run app\common\behavior\Common @module_init [ RunTime:0.000838s ]
[ info ] [ RUN ] app\index\controller\Douyin->index[ /www/wwwroot/xunpang/application/index/controller/Douyin.php ]
[ info ] [ LOG ] INIT File
---------------------------------------------------------------
[ 2021-07-13T23:38:10+08:00 ] 59.41.160.134 GET xunpang.hu29.com/index/douyin/index
[运行时间：0.497337s] [吞吐率：2.01req/s] [内存消耗：2,886.75kb] [文件加载：127]
[ info ] [ BEHAVIOR ] Run Closure @app_init [ RunTime:0.000015s ]
[ info ] [ CACHE ] INIT File
[ info ] [ BEHAVIOR ] Run Closure @app_init [ RunTime:0.000612s ]
[ info ] [ LANG ] /www/wwwroot/xunpang/thinkphp/lang/zh-cn.php
[ info ] [ BEHAVIOR ] Run app\common\behavior\Common @app_dispatch [ RunTime:0.000143s ]
[ info ] [ ROUTE ] array (
  'type' => 'module',
  'module' => 
  array (
    0 => 'index',
    1 => 'douyin',
    2 => 'index',
  ),
)
[ info ] [ HEADER ] array (
  'cookie' => 'Hm_lvt_bc2cf873176f94d4f951e7ede30e0213=1618976683; Hm_lpvt_bc2cf873176f94d4f951e7ede30e0213=1618985874; Hm_lvt_8fa1cdff01680759a2c826d06749dd8a=1624950209; Hm_lpvt_8fa1cdff01680759a2c826d06749dd8a=1624950209; MONITOR_WEB_ID=fd49c032-edd0-49a3-a517-652747921dc3; s_v_web_id=verify_kr25osgf_XumANEWX_ssZo_4xrs_AQd7_OsWE3cfbuUhH',
  'accept-language' => 'zh-CN,zh;q=0.9',
  'accept-encoding' => 'gzip, deflate',
  'accept' => 'text/html,application/xhtml+xml,application/xml;q=0.9,image/webp,image/apng,*/*;q=0.8',
  'user-agent' => 'Mozilla/5.0 (Windows NT 10.0; WOW64) AppleWebKit/537.36 (KHTML, like Gecko) Chrome/69.0.3497.100 Safari/537.36',
  'upgrade-insecure-requests' => '1',
  'cache-control' => 'max-age=0',
  'connection' => 'keep-alive',
  'host' => 'xunpang.hu29.com',
  'content-type' => '',
  'content-length' => '',
)
[ info ] [ PARAM ] array (
)
[ info ] [ LANG ] /www/wwwroot/xunpang/public/../application/index/lang/zh-cn.php
[ info ] [ BEHAVIOR ] Run app\common\behavior\Common @module_init [ RunTime:0.000813s ]
[ info ] [ RUN ] app\index\controller\Douyin->index[ /www/wwwroot/xunpang/application/index/controller/Douyin.php ]
[ info ] [ LOG ] INIT File
---------------------------------------------------------------
[ 2021-07-13T23:38:21+08:00 ] 59.41.160.134 GET xunpang.hu29.com/index/douyin/index
[运行时间：1.943698s] [吞吐率：0.51req/s] [内存消耗：2,886.75kb] [文件加载：127]
[ info ] [ BEHAVIOR ] Run Closure @app_init [ RunTime:0.000014s ]
[ info ] [ CACHE ] INIT File
[ info ] [ BEHAVIOR ] Run Closure @app_init [ RunTime:0.000669s ]
[ info ] [ LANG ] /www/wwwroot/xunpang/thinkphp/lang/zh-cn.php
[ info ] [ BEHAVIOR ] Run app\common\behavior\Common @app_dispatch [ RunTime:0.000127s ]
[ info ] [ ROUTE ] array (
  'type' => 'module',
  'module' => 
  array (
    0 => 'index',
    1 => 'douyin',
    2 => 'index',
  ),
)
[ info ] [ HEADER ] array (
  'cookie' => 'Hm_lvt_bc2cf873176f94d4f951e7ede30e0213=1618976683; Hm_lpvt_bc2cf873176f94d4f951e7ede30e0213=1618985874; Hm_lvt_8fa1cdff01680759a2c826d06749dd8a=1624950209; Hm_lpvt_8fa1cdff01680759a2c826d06749dd8a=1624950209; MONITOR_WEB_ID=fd49c032-edd0-49a3-a517-652747921dc3; s_v_web_id=verify_kr25osgf_XumANEWX_ssZo_4xrs_AQd7_OsWE3cfbuUhH',
  'accept-language' => 'zh-CN,zh;q=0.9',
  'accept-encoding' => 'gzip, deflate',
  'accept' => 'text/html,application/xhtml+xml,application/xml;q=0.9,image/webp,image/apng,*/*;q=0.8',
  'user-agent' => 'Mozilla/5.0 (Windows NT 10.0; WOW64) AppleWebKit/537.36 (KHTML, like Gecko) Chrome/69.0.3497.100 Safari/537.36',
  'upgrade-insecure-requests' => '1',
  'cache-control' => 'max-age=0',
  'connection' => 'keep-alive',
  'host' => 'xunpang.hu29.com',
  'content-type' => '',
  'content-length' => '',
)
[ info ] [ PARAM ] array (
)
[ info ] [ LANG ] /www/wwwroot/xunpang/public/../application/index/lang/zh-cn.php
[ info ] [ BEHAVIOR ] Run app\common\behavior\Common @module_init [ RunTime:0.000789s ]
[ info ] [ RUN ] app\index\controller\Douyin->index[ /www/wwwroot/xunpang/application/index/controller/Douyin.php ]
[ info ] [ LOG ] INIT File
---------------------------------------------------------------
[ 2021-07-13T23:41:45+08:00 ] 47.101.63.149 GET xunpang.hu29.com/
[运行时间：0.025321s] [吞吐率：39.49req/s] [内存消耗：2,925.98kb] [文件加载：130]
[ info ] [ BEHAVIOR ] Run Closure @app_init [ RunTime:0.000016s ]
[ info ] [ CACHE ] INIT File
[ info ] [ BEHAVIOR ] Run Closure @app_init [ RunTime:0.000642s ]
[ info ] [ LANG ] /www/wwwroot/xunpang/thinkphp/lang/zh-cn.php
[ info ] [ BEHAVIOR ] Run app\common\behavior\Common @app_dispatch [ RunTime:0.000172s ]
[ info ] [ ROUTE ] array (
  'type' => 'module',
  'module' => 
  array (
    0 => '',
    1 => NULL,
    2 => NULL,
  ),
)
[ info ] [ HEADER ] array (
  'accept-encoding' => 'gzip',
  'connection' => 'Keep-Alive',
  'host' => 'xunpang.hu29.com',
  'user-agent' => 'Mozilla/5.0 chrome(windows nt/Windows NT;)Chrome',
  'content-type' => '',
  'content-length' => '',
)
[ info ] [ PARAM ] array (
)
[ info ] [ LANG ] /www/wwwroot/xunpang/public/../application/index/lang/zh-cn.php
[ info ] [ BEHAVIOR ] Run app\common\behavior\Common @module_init [ RunTime:0.000853s ]
[ info ] [ LANG ] /www/wwwroot/xunpang/public/../application/index/lang/zh-cn/index.php
[ info ] [ RUN ] app\index\controller\Index->index[ /www/wwwroot/xunpang/application/index/controller/Index.php ]
[ info ] [ VIEW ] /www/wwwroot/xunpang/public/../application/index/view/index/index.html [ array (
  0 => 'user',
  1 => 'site',
  2 => 'config',
) ]
[ info ] [ LOG ] INIT File
---------------------------------------------------------------
[ 2021-07-13T23:43:04+08:00 ] 59.41.160.134 GET xunpang.hu29.com/index/douyin/index
[运行时间：0.753178s] [吞吐率：1.33req/s] [内存消耗：2,861.88kb] [文件加载：125]
[ info ] [ BEHAVIOR ] Run Closure @app_init [ RunTime:0.000015s ]
[ info ] [ CACHE ] INIT File
[ info ] [ BEHAVIOR ] Run Closure @app_init [ RunTime:0.000664s ]
[ info ] [ LANG ] /www/wwwroot/xunpang/thinkphp/lang/zh-cn.php
[ info ] [ BEHAVIOR ] Run app\common\behavior\Common @app_dispatch [ RunTime:0.000153s ]
[ info ] [ ROUTE ] array (
  'type' => 'module',
  'module' => 
  array (
    0 => 'index',
    1 => 'douyin',
    2 => 'index',
  ),
)
[ info ] [ HEADER ] array (
  'cookie' => 'Hm_lvt_bc2cf873176f94d4f951e7ede30e0213=1618976683; Hm_lpvt_bc2cf873176f94d4f951e7ede30e0213=1618985874; Hm_lvt_8fa1cdff01680759a2c826d06749dd8a=1624950209; Hm_lpvt_8fa1cdff01680759a2c826d06749dd8a=1624950209; MONITOR_WEB_ID=fd49c032-edd0-49a3-a517-652747921dc3; s_v_web_id=verify_kr25osgf_XumANEWX_ssZo_4xrs_AQd7_OsWE3cfbuUhH',
  'accept-language' => 'zh-CN,zh;q=0.9',
  'accept-encoding' => 'gzip, deflate',
  'accept' => 'text/html,application/xhtml+xml,application/xml;q=0.9,image/webp,image/apng,*/*;q=0.8',
  'user-agent' => 'Mozilla/5.0 (Windows NT 10.0; WOW64) AppleWebKit/537.36 (KHTML, like Gecko) Chrome/69.0.3497.100 Safari/537.36',
  'upgrade-insecure-requests' => '1',
  'cache-control' => 'max-age=0',
  'connection' => 'keep-alive',
  'host' => 'xunpang.hu29.com',
  'content-type' => '',
  'content-length' => '',
)
[ info ] [ PARAM ] array (
)
[ info ] [ LANG ] /www/wwwroot/xunpang/public/../application/index/lang/zh-cn.php
[ info ] [ BEHAVIOR ] Run app\common\behavior\Common @module_init [ RunTime:0.000837s ]
[ info ] [ RUN ] app\index\controller\Douyin->index[ /www/wwwroot/xunpang/application/index/controller/Douyin.php ]
[ info ] [ LOG ] INIT File
