---------------------------------------------------------------
[ 2023-06-10T14:47:23+08:00 ] 87.236.176.116 GET dyxp.holdnetwork.cn/
[运行时间：0.043917s] [吞吐率：22.77req/s] [内存消耗：2,964.46kb] [文件加载：130]
[ info ] [ BEHAVIOR ] Run Closure @app_init [ RunTime:0.000023s ]
[ info ] [ CACHE ] INIT File
[ info ] [ BEHAVIOR ] Run Closure @app_init [ RunTime:0.001436s ]
[ info ] [ LANG ] /www/wwwroot/douyin_xunpang/thinkphp/lang/zh-cn.php
[ info ] [ BEHAVIOR ] Run app\common\behavior\Common @app_dispatch [ RunTime:0.000300s ]
[ info ] [ ROUTE ] array (
  'type' => 'module',
  'module' => 
  array (
    0 => '',
    1 => NULL,
    2 => NULL,
  ),
)
[ info ] [ HEADER ] array (
  'accept-encoding' => 'gzip',
  'accept' => '*/*',
  'connection' => 'close',
  'user-agent' => 'Mozilla/5.0 (compatible; InternetMeasurement/1.0; +https://internet-measurement.com/)',
  'host' => 'dyxp.holdnetwork.cn',
  'content-type' => '',
  'content-length' => '',
)
[ info ] [ PARAM ] array (
)
[ info ] [ LANG ] /www/wwwroot/douyin_xunpang/public/../application/index/lang/zh-cn.php
[ info ] [ BEHAVIOR ] Run app\common\behavior\Common @module_init [ RunTime:0.001468s ]
[ info ] [ LANG ] /www/wwwroot/douyin_xunpang/public/../application/index/lang/zh-cn/index.php
[ info ] [ RUN ] app\index\controller\Index->index[ /www/wwwroot/douyin_xunpang/application/index/controller/Index.php ]
[ info ] [ VIEW ] /www/wwwroot/douyin_xunpang/public/../application/index/view/index/index.html [ array (
  0 => 'user',
  1 => 'site',
  2 => 'config',
) ]
[ info ] [ LOG ] INIT File
---------------------------------------------------------------
[ 2023-06-10T19:34:46+08:00 ] 36.111.168.190 HEAD dyxp.holdnetwork.cn/
[运行时间：0.048367s] [吞吐率：20.68req/s] [内存消耗：2,963.89kb] [文件加载：130]
[ info ] [ BEHAVIOR ] Run Closure @app_init [ RunTime:0.000020s ]
[ info ] [ CACHE ] INIT File
[ info ] [ BEHAVIOR ] Run Closure @app_init [ RunTime:0.001548s ]
[ info ] [ LANG ] /www/wwwroot/douyin_xunpang/thinkphp/lang/zh-cn.php
[ info ] [ BEHAVIOR ] Run app\common\behavior\Common @app_dispatch [ RunTime:0.000312s ]
[ info ] [ ROUTE ] array (
  'type' => 'module',
  'module' => 
  array (
    0 => '',
    1 => NULL,
    2 => NULL,
  ),
)
[ info ] [ HEADER ] array (
  'host' => 'dyxp.holdnetwork.cn',
  'accept' => '*/*',
  'user-agent' => 'libcurl-agent/7.19.0',
  'content-type' => '',
  'content-length' => '',
)
[ info ] [ PARAM ] array (
)
[ info ] [ LANG ] /www/wwwroot/douyin_xunpang/public/../application/index/lang/zh-cn.php
[ info ] [ BEHAVIOR ] Run app\common\behavior\Common @module_init [ RunTime:0.001540s ]
[ info ] [ LANG ] /www/wwwroot/douyin_xunpang/public/../application/index/lang/zh-cn/index.php
[ info ] [ RUN ] app\index\controller\Index->index[ /www/wwwroot/douyin_xunpang/application/index/controller/Index.php ]
[ info ] [ VIEW ] /www/wwwroot/douyin_xunpang/public/../application/index/view/index/index.html [ array (
  0 => 'user',
  1 => 'site',
  2 => 'config',
) ]
[ info ] [ LOG ] INIT File
---------------------------------------------------------------
[ 2023-06-10T19:48:10+08:00 ] 205.210.31.181 GET dyxp.holdnetwork.cn/
[运行时间：0.052489s] [吞吐率：19.05req/s] [内存消耗：2,963.70kb] [文件加载：130]
[ info ] [ BEHAVIOR ] Run Closure @app_init [ RunTime:0.000026s ]
[ info ] [ CACHE ] INIT File
[ info ] [ BEHAVIOR ] Run Closure @app_init [ RunTime:0.001762s ]
[ info ] [ LANG ] /www/wwwroot/douyin_xunpang/thinkphp/lang/zh-cn.php
[ info ] [ BEHAVIOR ] Run app\common\behavior\Common @app_dispatch [ RunTime:0.000412s ]
[ info ] [ ROUTE ] array (
  'type' => 'module',
  'module' => 
  array (
    0 => '',
    1 => NULL,
    2 => NULL,
  ),
)
[ info ] [ HEADER ] array (
  'host' => 'dyxp.holdnetwork.cn',
  'content-type' => '',
  'content-length' => '',
)
[ info ] [ PARAM ] array (
)
[ info ] [ LANG ] /www/wwwroot/douyin_xunpang/public/../application/index/lang/zh-cn.php
[ info ] [ BEHAVIOR ] Run app\common\behavior\Common @module_init [ RunTime:0.001651s ]
[ info ] [ LANG ] /www/wwwroot/douyin_xunpang/public/../application/index/lang/zh-cn/index.php
[ info ] [ RUN ] app\index\controller\Index->index[ /www/wwwroot/douyin_xunpang/application/index/controller/Index.php ]
[ info ] [ VIEW ] /www/wwwroot/douyin_xunpang/public/../application/index/view/index/index.html [ array (
  0 => 'user',
  1 => 'site',
  2 => 'config',
) ]
[ info ] [ LOG ] INIT File
