---------------------------------------------------------------
[ 2023-06-14T03:11:19+08:00 ] 198.235.24.85 GET dyxp.holdnetwork.cn/
[运行时间：0.044868s] [吞吐率：22.29req/s] [内存消耗：2,964.54kb] [文件加载：130]
[ info ] [ BEHAVIOR ] Run Closure @app_init [ RunTime:0.000021s ]
[ info ] [ CACHE ] INIT File
[ info ] [ BEHAVIOR ] Run Closure @app_init [ RunTime:0.001367s ]
[ info ] [ LANG ] /www/wwwroot/douyin_xunpang/thinkphp/lang/zh-cn.php
[ info ] [ BEHAVIOR ] Run app\common\behavior\Common @app_dispatch [ RunTime:0.000282s ]
[ info ] [ ROUTE ] array (
  'type' => 'module',
  'module' => 
  array (
    0 => '',
    1 => NULL,
    2 => NULL,
  ),
)
[ info ] [ HEADER ] array (
  'user-agent' => 'Expanse, a Palo Alto Networks company, searches across the global IPv4 space multiple times per day to identify customers&#39; presences on the Internet. If you would like to be excluded from our scans, please send IP addresses/domains to: scaninfo@paloaltonetworks.com',
  'host' => 'dyxp.holdnetwork.cn',
  'content-type' => '',
  'content-length' => '',
)
[ info ] [ PARAM ] array (
)
[ info ] [ LANG ] /www/wwwroot/douyin_xunpang/public/../application/index/lang/zh-cn.php
[ info ] [ BEHAVIOR ] Run app\common\behavior\Common @module_init [ RunTime:0.001777s ]
[ info ] [ LANG ] /www/wwwroot/douyin_xunpang/public/../application/index/lang/zh-cn/index.php
[ info ] [ RUN ] app\index\controller\Index->index[ /www/wwwroot/douyin_xunpang/application/index/controller/Index.php ]
[ info ] [ VIEW ] /www/wwwroot/douyin_xunpang/public/../application/index/view/index/index.html [ array (
  0 => 'user',
  1 => 'site',
  2 => 'config',
) ]
[ info ] [ LOG ] INIT File
---------------------------------------------------------------
[ 2023-06-14T05:59:03+08:00 ] 36.111.168.190 HEAD dyxp.holdnetwork.cn/
[运行时间：0.045142s] [吞吐率：22.15req/s] [内存消耗：2,963.89kb] [文件加载：130]
[ info ] [ BEHAVIOR ] Run Closure @app_init [ RunTime:0.000021s ]
[ info ] [ CACHE ] INIT File
[ info ] [ BEHAVIOR ] Run Closure @app_init [ RunTime:0.001420s ]
[ info ] [ LANG ] /www/wwwroot/douyin_xunpang/thinkphp/lang/zh-cn.php
[ info ] [ BEHAVIOR ] Run app\common\behavior\Common @app_dispatch [ RunTime:0.000305s ]
[ info ] [ ROUTE ] array (
  'type' => 'module',
  'module' => 
  array (
    0 => '',
    1 => NULL,
    2 => NULL,
  ),
)
[ info ] [ HEADER ] array (
  'host' => 'dyxp.holdnetwork.cn',
  'accept' => '*/*',
  'user-agent' => 'libcurl-agent/7.19.0',
  'content-type' => '',
  'content-length' => '',
)
[ info ] [ PARAM ] array (
)
[ info ] [ LANG ] /www/wwwroot/douyin_xunpang/public/../application/index/lang/zh-cn.php
[ info ] [ BEHAVIOR ] Run app\common\behavior\Common @module_init [ RunTime:0.001653s ]
[ info ] [ LANG ] /www/wwwroot/douyin_xunpang/public/../application/index/lang/zh-cn/index.php
[ info ] [ RUN ] app\index\controller\Index->index[ /www/wwwroot/douyin_xunpang/application/index/controller/Index.php ]
[ info ] [ VIEW ] /www/wwwroot/douyin_xunpang/public/../application/index/view/index/index.html [ array (
  0 => 'user',
  1 => 'site',
  2 => 'config',
) ]
[ info ] [ LOG ] INIT File
---------------------------------------------------------------
[ 2023-06-14T23:45:14+08:00 ] 125.124.121.163 GET dyxp.holdnetwork.cn/
[运行时间：0.051409s] [吞吐率：19.45req/s] [内存消耗：2,922.18kb] [文件加载：128]
[ info ] [ BEHAVIOR ] Run Closure @app_init [ RunTime:0.000031s ]
[ info ] [ CACHE ] INIT File
[ info ] [ BEHAVIOR ] Run Closure @app_init [ RunTime:0.001722s ]
[ info ] [ BEHAVIOR ] Run app\common\behavior\Common @app_dispatch [ RunTime:0.000370s ]
[ info ] [ ROUTE ] array (
  'type' => 'module',
  'module' => 
  array (
    0 => '',
    1 => NULL,
    2 => NULL,
  ),
)
[ info ] [ HEADER ] array (
  'accept-encoding' => 'gzip',
  'upgrade-insecure-requests' => '1',
  'sec-gpc' => '1',
  'dnt' => '1',
  'connection' => 'keep-alive',
  'cache-control' => 'max-age=0',
  'accept-language' => 'en;q=0.9',
  'accept' => 'text/html,application/xhtml+xml,application/xml;q=0.9,image/avif,image/webp,image/apng,*/*;q=0.8,application/signed-exchange;v=b3;q=0.9',
  'user-agent' => 'Mozilla/5.0 (Macintosh; Intel Mac OS X 10_15_7) AppleWebKit/537.36 (KHTML, like Gecko) Chrome/96.0.4664.110 Safari/537.36',
  'host' => 'dyxp.holdnetwork.cn',
  'content-type' => '',
  'content-length' => '',
)
[ info ] [ PARAM ] array (
)
[ info ] [ BEHAVIOR ] Run app\common\behavior\Common @module_init [ RunTime:0.001754s ]
[ info ] [ LANG ] /www/wwwroot/douyin_xunpang/public/../application/index/lang/en/index.php
[ info ] [ RUN ] app\index\controller\Index->index[ /www/wwwroot/douyin_xunpang/application/index/controller/Index.php ]
[ info ] [ VIEW ] /www/wwwroot/douyin_xunpang/public/../application/index/view/index/index.html [ array (
  0 => 'user',
  1 => 'site',
  2 => 'config',
) ]
[ info ] [ LOG ] INIT File
---------------------------------------------------------------
[ 2023-06-14T23:45:14+08:00 ] 125.124.121.163 GET dyxp.holdnetwork.cn/
[运行时间：0.044867s] [吞吐率：22.29req/s] [内存消耗：2,921.35kb] [文件加载：128]
[ info ] [ BEHAVIOR ] Run Closure @app_init [ RunTime:0.000022s ]
[ info ] [ CACHE ] INIT File
[ info ] [ BEHAVIOR ] Run Closure @app_init [ RunTime:0.001403s ]
[ info ] [ BEHAVIOR ] Run app\common\behavior\Common @app_dispatch [ RunTime:0.000314s ]
[ info ] [ ROUTE ] array (
  'type' => 'module',
  'module' => 
  array (
    0 => '',
    1 => NULL,
    2 => NULL,
  ),
)
[ info ] [ HEADER ] array (
  'accept-encoding' => 'gzip',
  'upgrade-insecure-requests' => '1',
  'accept-language' => 'en',
  'accept' => 'text/html,application/xhtml+xml,application/xml;q=0.9,image/avif,image/webp,image/apng,*/*;q=0.8,application/signed-exchange;v=b3;q=0.9',
  'user-agent' => 'Mozilla/5.0 (Macintosh; Intel Mac OS X 11_0_0) AppleWebKit/537.36 (KHTML, like Gecko) Chrome/87.0.4280.88 Safari/537.36',
  'host' => 'dyxp.holdnetwork.cn',
  'content-type' => '',
  'content-length' => '',
)
[ info ] [ PARAM ] array (
)
[ info ] [ BEHAVIOR ] Run app\common\behavior\Common @module_init [ RunTime:0.001417s ]
[ info ] [ LANG ] /www/wwwroot/douyin_xunpang/public/../application/index/lang/en/index.php
[ info ] [ RUN ] app\index\controller\Index->index[ /www/wwwroot/douyin_xunpang/application/index/controller/Index.php ]
[ info ] [ VIEW ] /www/wwwroot/douyin_xunpang/public/../application/index/view/index/index.html [ array (
  0 => 'user',
  1 => 'site',
  2 => 'config',
) ]
[ info ] [ LOG ] INIT File
