---------------------------------------------------------------
[ 2023-06-19T04:14:32+08:00 ] 45.90.62.178 GET dyxp.holdnetwork.cn/merchant/code
[运行时间：0.036708s] [吞吐率：27.24req/s] [内存消耗：2,078.96kb] [文件加载：116]
[ info ] [ BEHAVIOR ] Run Closure @app_init [ RunTime:0.000022s ]
[ info ] [ CACHE ] INIT File
[ info ] [ BEHAVIOR ] Run Closure @app_init [ RunTime:0.001504s ]
[ info ] [ LANG ] /www/wwwroot/douyin_xunpang/thinkphp/lang/zh-cn.php
[ info ] [ BEHAVIOR ] Run app\common\behavior\Common @app_dispatch [ RunTime:0.000311s ]
[ info ] [ ROUTE ] array (
  'type' => 'module',
  'module' => 
  array (
    0 => 'merchant',
    1 => 'code',
    2 => NULL,
  ),
)
[ info ] [ HEADER ] array (
  'accept-encoding' => 'gzip, deflate',
  'accept' => '*/*',
  'user-agent' => 'Mozilla/5.0 (Windows NT 10.0; Win64; x64) AppleWebKit/537.36 (KHTML, like Gecko) Chrome/94.0.4606.61 Safari/537.36',
  'host' => 'dyxp.holdnetwork.cn',
  'content-type' => '',
  'content-length' => '',
)
[ info ] [ PARAM ] array (
)
[ info ] [ LOG ] INIT File
---------------------------------------------------------------
[ 2023-06-19T04:14:41+08:00 ] 176.53.216.188 GET dyxp.holdnetwork.cn/merchant/code
[运行时间：0.034111s] [吞吐率：29.32req/s] [内存消耗：2,079.01kb] [文件加载：116]
[ info ] [ BEHAVIOR ] Run Closure @app_init [ RunTime:0.000019s ]
[ info ] [ CACHE ] INIT File
[ info ] [ BEHAVIOR ] Run Closure @app_init [ RunTime:0.001452s ]
[ info ] [ LANG ] /www/wwwroot/douyin_xunpang/thinkphp/lang/zh-cn.php
[ info ] [ BEHAVIOR ] Run app\common\behavior\Common @app_dispatch [ RunTime:0.000305s ]
[ info ] [ ROUTE ] array (
  'type' => 'module',
  'module' => 
  array (
    0 => 'merchant',
    1 => 'code',
    2 => NULL,
  ),
)
[ info ] [ HEADER ] array (
  'connection' => 'keep-alive',
  'accept-encoding' => 'gzip, deflate',
  'accept' => '*/*',
  'user-agent' => 'Mozilla/5.0 (Windows NT 10.0; Win64; x64) AppleWebKit/537.36 (KHTML, like Gecko) Chrome/94.0.4606.61 Safari/537.36',
  'host' => 'dyxp.holdnetwork.cn',
  'content-type' => '',
  'content-length' => '',
)
[ info ] [ PARAM ] array (
)
[ info ] [ LOG ] INIT File
---------------------------------------------------------------
[ 2023-06-19T04:14:42+08:00 ] 45.90.62.178 GET dyxp.holdnetwork.cn/merchant/z/payment/?order=1
[运行时间：0.042367s] [吞吐率：23.60req/s] [内存消耗：2,079.36kb] [文件加载：116]
[ info ] [ BEHAVIOR ] Run Closure @app_init [ RunTime:0.000020s ]
[ info ] [ CACHE ] INIT File
[ info ] [ BEHAVIOR ] Run Closure @app_init [ RunTime:0.001388s ]
[ info ] [ LANG ] /www/wwwroot/douyin_xunpang/thinkphp/lang/zh-cn.php
[ info ] [ BEHAVIOR ] Run app\common\behavior\Common @app_dispatch [ RunTime:0.000300s ]
[ info ] [ ROUTE ] array (
  'type' => 'module',
  'module' => 
  array (
    0 => 'merchant',
    1 => 'z',
    2 => 'payment',
  ),
)
[ info ] [ HEADER ] array (
  'accept-encoding' => 'gzip, deflate',
  'accept' => '*/*',
  'user-agent' => 'Mozilla/5.0 (Windows NT 10.0; Win64; x64) AppleWebKit/537.36 (KHTML, like Gecko) Chrome/94.0.4606.61 Safari/537.36',
  'host' => 'dyxp.holdnetwork.cn',
  'content-type' => '',
  'content-length' => '',
)
[ info ] [ PARAM ] array (
  'order' => '1',
)
[ info ] [ LOG ] INIT File
---------------------------------------------------------------
[ 2023-06-19T04:14:43+08:00 ] 89.104.100.122 GET dyxp.holdnetwork.cn/merchant/z/payment/?order=1
[运行时间：0.037117s] [吞吐率：26.94req/s] [内存消耗：2,079.52kb] [文件加载：116]
[ info ] [ BEHAVIOR ] Run Closure @app_init [ RunTime:0.000030s ]
[ info ] [ CACHE ] INIT File
[ info ] [ BEHAVIOR ] Run Closure @app_init [ RunTime:0.001619s ]
[ info ] [ LANG ] /www/wwwroot/douyin_xunpang/thinkphp/lang/zh-cn.php
[ info ] [ BEHAVIOR ] Run app\common\behavior\Common @app_dispatch [ RunTime:0.000342s ]
[ info ] [ ROUTE ] array (
  'type' => 'module',
  'module' => 
  array (
    0 => 'merchant',
    1 => 'z',
    2 => 'payment',
  ),
)
[ info ] [ HEADER ] array (
  'connection' => 'keep-alive',
  'accept-encoding' => 'gzip, deflate',
  'accept' => '*/*',
  'user-agent' => 'Mozilla/5.0 (Windows NT 10.0; Win64; x64) AppleWebKit/537.36 (KHTML, like Gecko) Chrome/94.0.4606.61 Safari/537.36',
  'host' => 'dyxp.holdnetwork.cn',
  'content-type' => '',
  'content-length' => '',
)
[ info ] [ PARAM ] array (
  'order' => '1',
)
[ info ] [ LOG ] INIT File
---------------------------------------------------------------
[ 2023-06-19T18:00:20+08:00 ] 162.142.125.12 GET dyxp.holdnetwork.cn/
[运行时间：0.042910s] [吞吐率：23.30req/s] [内存消耗：2,964.37kb] [文件加载：130]
[ info ] [ BEHAVIOR ] Run Closure @app_init [ RunTime:0.000020s ]
[ info ] [ CACHE ] INIT File
[ info ] [ BEHAVIOR ] Run Closure @app_init [ RunTime:0.001392s ]
[ info ] [ LANG ] /www/wwwroot/douyin_xunpang/thinkphp/lang/zh-cn.php
[ info ] [ BEHAVIOR ] Run app\common\behavior\Common @app_dispatch [ RunTime:0.000307s ]
[ info ] [ ROUTE ] array (
  'type' => 'module',
  'module' => 
  array (
    0 => '',
    1 => NULL,
    2 => NULL,
  ),
)
[ info ] [ HEADER ] array (
  'accept-encoding' => 'gzip',
  'accept' => '*/*',
  'user-agent' => 'Mozilla/5.0 (compatible; CensysInspect/1.1; +https://about.censys.io/)',
  'host' => 'dyxp.holdnetwork.cn',
  'content-type' => '',
  'content-length' => '',
)
[ info ] [ PARAM ] array (
)
[ info ] [ LANG ] /www/wwwroot/douyin_xunpang/public/../application/index/lang/zh-cn.php
[ info ] [ BEHAVIOR ] Run app\common\behavior\Common @module_init [ RunTime:0.001432s ]
[ info ] [ LANG ] /www/wwwroot/douyin_xunpang/public/../application/index/lang/zh-cn/index.php
[ info ] [ RUN ] app\index\controller\Index->index[ /www/wwwroot/douyin_xunpang/application/index/controller/Index.php ]
[ info ] [ VIEW ] /www/wwwroot/douyin_xunpang/public/../application/index/view/index/index.html [ array (
  0 => 'user',
  1 => 'site',
  2 => 'config',
) ]
[ info ] [ LOG ] INIT File
---------------------------------------------------------------
[ 2023-06-19T19:12:51+08:00 ] 167.94.138.35 GET dyxp.holdnetwork.cn/
[运行时间：0.042455s] [吞吐率：23.55req/s] [内存消耗：2,964.37kb] [文件加载：130]
[ info ] [ BEHAVIOR ] Run Closure @app_init [ RunTime:0.000020s ]
[ info ] [ CACHE ] INIT File
[ info ] [ BEHAVIOR ] Run Closure @app_init [ RunTime:0.001392s ]
[ info ] [ LANG ] /www/wwwroot/douyin_xunpang/thinkphp/lang/zh-cn.php
[ info ] [ BEHAVIOR ] Run app\common\behavior\Common @app_dispatch [ RunTime:0.000297s ]
[ info ] [ ROUTE ] array (
  'type' => 'module',
  'module' => 
  array (
    0 => '',
    1 => NULL,
    2 => NULL,
  ),
)
[ info ] [ HEADER ] array (
  'accept-encoding' => 'gzip',
  'accept' => '*/*',
  'user-agent' => 'Mozilla/5.0 (compatible; CensysInspect/1.1; +https://about.censys.io/)',
  'host' => 'dyxp.holdnetwork.cn',
  'content-type' => '',
  'content-length' => '',
)
[ info ] [ PARAM ] array (
)
[ info ] [ LANG ] /www/wwwroot/douyin_xunpang/public/../application/index/lang/zh-cn.php
[ info ] [ BEHAVIOR ] Run app\common\behavior\Common @module_init [ RunTime:0.001386s ]
[ info ] [ LANG ] /www/wwwroot/douyin_xunpang/public/../application/index/lang/zh-cn/index.php
[ info ] [ RUN ] app\index\controller\Index->index[ /www/wwwroot/douyin_xunpang/application/index/controller/Index.php ]
[ info ] [ VIEW ] /www/wwwroot/douyin_xunpang/public/../application/index/view/index/index.html [ array (
  0 => 'user',
  1 => 'site',
  2 => 'config',
) ]
[ info ] [ LOG ] INIT File
