---------------------------------------------------------------
[ 2023-06-30T09:29:14+08:00 ] 167.248.133.191 GET dyxp.holdnetwork.cn/
[运行时间：0.042794s] [吞吐率：23.37req/s] [内存消耗：2,964.36kb] [文件加载：130]
[ info ] [ BEHAVIOR ] Run Closure @app_init [ RunTime:0.000020s ]
[ info ] [ CACHE ] INIT File
[ info ] [ BEHAVIOR ] Run Closure @app_init [ RunTime:0.001378s ]
[ info ] [ LANG ] /www/wwwroot/douyin_xunpang/thinkphp/lang/zh-cn.php
[ info ] [ BEHAVIOR ] Run app\common\behavior\Common @app_dispatch [ RunTime:0.000291s ]
[ info ] [ ROUTE ] array (
  'type' => 'module',
  'module' => 
  array (
    0 => '',
    1 => NULL,
    2 => NULL,
  ),
)
[ info ] [ HEADER ] array (
  'accept-encoding' => 'gzip',
  'accept' => '*/*',
  'user-agent' => 'Mozilla/5.0 (compatible; CensysInspect/1.1; +https://about.censys.io/)',
  'host' => 'dyxp.holdnetwork.cn',
  'content-type' => '',
  'content-length' => '',
)
[ info ] [ PARAM ] array (
)
[ info ] [ LANG ] /www/wwwroot/douyin_xunpang/public/../application/index/lang/zh-cn.php
[ info ] [ BEHAVIOR ] Run app\common\behavior\Common @module_init [ RunTime:0.001456s ]
[ info ] [ LANG ] /www/wwwroot/douyin_xunpang/public/../application/index/lang/zh-cn/index.php
[ info ] [ RUN ] app\index\controller\Index->index[ /www/wwwroot/douyin_xunpang/application/index/controller/Index.php ]
[ info ] [ VIEW ] /www/wwwroot/douyin_xunpang/public/../application/index/view/index/index.html [ array (
  0 => 'user',
  1 => 'site',
  2 => 'config',
) ]
[ info ] [ LOG ] INIT File
---------------------------------------------------------------
[ 2023-06-30T09:32:52+08:00 ] 167.248.133.37 GET dyxp.holdnetwork.cn/
[运行时间：0.043998s] [吞吐率：22.73req/s] [内存消耗：2,964.37kb] [文件加载：130]
[ info ] [ BEHAVIOR ] Run Closure @app_init [ RunTime:0.000021s ]
[ info ] [ CACHE ] INIT File
[ info ] [ BEHAVIOR ] Run Closure @app_init [ RunTime:0.001507s ]
[ info ] [ LANG ] /www/wwwroot/douyin_xunpang/thinkphp/lang/zh-cn.php
[ info ] [ BEHAVIOR ] Run app\common\behavior\Common @app_dispatch [ RunTime:0.000328s ]
[ info ] [ ROUTE ] array (
  'type' => 'module',
  'module' => 
  array (
    0 => '',
    1 => NULL,
    2 => NULL,
  ),
)
[ info ] [ HEADER ] array (
  'accept-encoding' => 'gzip',
  'accept' => '*/*',
  'user-agent' => 'Mozilla/5.0 (compatible; CensysInspect/1.1; +https://about.censys.io/)',
  'host' => 'dyxp.holdnetwork.cn',
  'content-type' => '',
  'content-length' => '',
)
[ info ] [ PARAM ] array (
)
[ info ] [ LANG ] /www/wwwroot/douyin_xunpang/public/../application/index/lang/zh-cn.php
[ info ] [ BEHAVIOR ] Run app\common\behavior\Common @module_init [ RunTime:0.001441s ]
[ info ] [ LANG ] /www/wwwroot/douyin_xunpang/public/../application/index/lang/zh-cn/index.php
[ info ] [ RUN ] app\index\controller\Index->index[ /www/wwwroot/douyin_xunpang/application/index/controller/Index.php ]
[ info ] [ VIEW ] /www/wwwroot/douyin_xunpang/public/../application/index/view/index/index.html [ array (
  0 => 'user',
  1 => 'site',
  2 => 'config',
) ]
[ info ] [ LOG ] INIT File
---------------------------------------------------------------
[ 2023-06-30T22:00:39+08:00 ] 205.210.31.56 GET dyxp.holdnetwork.cn/
[运行时间：0.047101s] [吞吐率：21.23req/s] [内存消耗：2,964.55kb] [文件加载：130]
[ info ] [ BEHAVIOR ] Run Closure @app_init [ RunTime:0.000022s ]
[ info ] [ CACHE ] INIT File
[ info ] [ BEHAVIOR ] Run Closure @app_init [ RunTime:0.001524s ]
[ info ] [ LANG ] /www/wwwroot/douyin_xunpang/thinkphp/lang/zh-cn.php
[ info ] [ BEHAVIOR ] Run app\common\behavior\Common @app_dispatch [ RunTime:0.000304s ]
[ info ] [ ROUTE ] array (
  'type' => 'module',
  'module' => 
  array (
    0 => '',
    1 => NULL,
    2 => NULL,
  ),
)
[ info ] [ HEADER ] array (
  'user-agent' => 'Expanse, a Palo Alto Networks company, searches across the global IPv4 space multiple times per day to identify customers&#39; presences on the Internet. If you would like to be excluded from our scans, please send IP addresses/domains to: scaninfo@paloaltonetworks.com',
  'host' => 'dyxp.holdnetwork.cn',
  'content-type' => '',
  'content-length' => '',
)
[ info ] [ PARAM ] array (
)
[ info ] [ LANG ] /www/wwwroot/douyin_xunpang/public/../application/index/lang/zh-cn.php
[ info ] [ BEHAVIOR ] Run app\common\behavior\Common @module_init [ RunTime:0.001617s ]
[ info ] [ LANG ] /www/wwwroot/douyin_xunpang/public/../application/index/lang/zh-cn/index.php
[ info ] [ RUN ] app\index\controller\Index->index[ /www/wwwroot/douyin_xunpang/application/index/controller/Index.php ]
[ info ] [ VIEW ] /www/wwwroot/douyin_xunpang/public/../application/index/view/index/index.html [ array (
  0 => 'user',
  1 => 'site',
  2 => 'config',
) ]
[ info ] [ LOG ] INIT File
